[  2%] Built target move_bot__rosidl_generator_type_description
[  5%] Built target move_bot__cpp
[  5%] Built target ament_cmake_python_copy_move_bot
[ 19%] Built target move_bot__rosidl_generator_c
[ 27%] Built target move_bot__rosidl_typesupport_fastrtps_cpp
[ 36%] Built target move_bot__rosidl_typesupport_cpp
[ 44%] Built target move_bot__rosidl_typesupport_fastrtps_c
[ 52%] Built target move_bot__rosidl_typesupport_introspection_c
[ 61%] Built target move_bot__rosidl_typesupport_c
[ 69%] Built target move_bot__rosidl_typesupport_introspection_cpp
[ 69%] Built target move_bot
[ 72%] [32mBuilding CXX object CMakeFiles/move_node.dir/src/move_bot.cpp.o[0m
[ 75%] Built target move_bot__py
[ 80%] Built target move_bot__rosidl_generator_py
[ 86%] Built target move_bot__rosidl_typesupport_introspection_c__pyext
[ 91%] Built target move_bot__rosidl_typesupport_fastrtps_c__pyext
[ 97%] Built target move_bot__rosidl_typesupport_c__pyext
running egg_info
writing move_bot.egg-info/PKG-INFO
writing dependency_links to move_bot.egg-info/dependency_links.txt
writing top-level names to move_bot.egg-info/top_level.txt
reading manifest file 'move_bot.egg-info/SOURCES.txt'
writing manifest file 'move_bot.egg-info/SOURCES.txt'
[ 97%] Built target ament_cmake_python_build_move_bot_egg
[100%] [32m[1mLinking CXX executable move_node[0m
/usr/bin/ld: CMakeFiles/move_node.dir/src/move_bot.cpp.o: in function `Move::Move()':
move_bot.cpp:(.text._ZN4MoveC2Ev[_ZN4MoveC5Ev]+0xbc): undefined reference to `spi_open'
/usr/bin/ld: CMakeFiles/move_node.dir/src/move_bot.cpp.o: in function `Move::movement_command_callback(std::shared_ptr<move_bot::msg::Movement_<std::allocator<void> > >)':
move_bot.cpp:(.text._ZN4Move25movement_command_callbackESt10shared_ptrIN8move_bot3msg9Movement_ISaIvEEEE[_ZN4Move25movement_command_callbackESt10shared_ptrIN8move_bot3msg9Movement_ISaIvEEEE]+0x5c): undefined reference to `move_forward'
/usr/bin/ld: move_bot.cpp:(.text._ZN4Move25movement_command_callbackESt10shared_ptrIN8move_bot3msg9Movement_ISaIvEEEE[_ZN4Move25movement_command_callbackESt10shared_ptrIN8move_bot3msg9Movement_ISaIvEEEE]+0x84): undefined reference to `get_spi_fd'
/usr/bin/ld: move_bot.cpp:(.text._ZN4Move25movement_command_callbackESt10shared_ptrIN8move_bot3msg9Movement_ISaIvEEEE[_ZN4Move25movement_command_callbackESt10shared_ptrIN8move_bot3msg9Movement_ISaIvEEEE]+0x88): undefined reference to `move_stop'
/usr/bin/ld: move_bot.cpp:(.text._ZN4Move25movement_command_callbackESt10shared_ptrIN8move_bot3msg9Movement_ISaIvEEEE[_ZN4Move25movement_command_callbackESt10shared_ptrIN8move_bot3msg9Movement_ISaIvEEEE]+0xb0): undefined reference to `get_spi_fd'
/usr/bin/ld: move_bot.cpp:(.text._ZN4Move25movement_command_callbackESt10shared_ptrIN8move_bot3msg9Movement_ISaIvEEEE[_ZN4Move25movement_command_callbackESt10shared_ptrIN8move_bot3msg9Movement_ISaIvEEEE]+0xb4): undefined reference to `move_left'
/usr/bin/ld: move_bot.cpp:(.text._ZN4Move25movement_command_callbackESt10shared_ptrIN8move_bot3msg9Movement_ISaIvEEEE[_ZN4Move25movement_command_callbackESt10shared_ptrIN8move_bot3msg9Movement_ISaIvEEEE]+0xdc): undefined reference to `get_spi_fd'
/usr/bin/ld: move_bot.cpp:(.text._ZN4Move25movement_command_callbackESt10shared_ptrIN8move_bot3msg9Movement_ISaIvEEEE[_ZN4Move25movement_command_callbackESt10shared_ptrIN8move_bot3msg9Movement_ISaIvEEEE]+0xe0): undefined reference to `move_right'
/usr/bin/ld: move_bot.cpp:(.text._ZN4Move25movement_command_callbackESt10shared_ptrIN8move_bot3msg9Movement_ISaIvEEEE[_ZN4Move25movement_command_callbackESt10shared_ptrIN8move_bot3msg9Movement_ISaIvEEEE]+0x108): undefined reference to `get_spi_fd'
/usr/bin/ld: move_bot.cpp:(.text._ZN4Move25movement_command_callbackESt10shared_ptrIN8move_bot3msg9Movement_ISaIvEEEE[_ZN4Move25movement_command_callbackESt10shared_ptrIN8move_bot3msg9Movement_ISaIvEEEE]+0x10c): undefined reference to `move_back'
collect2: error: ld returned 1 exit status
gmake[2]: *** [CMakeFiles/move_node.dir/build.make:176: move_node] Error 1
gmake[1]: *** [CMakeFiles/Makefile2:626: CMakeFiles/move_node.dir/all] Error 2
gmake: *** [Makefile:146: all] Error 2
