[0.055s] Invoking command in '/home/taylor/Buddy_Bot/buddybot/ros2_workspace/build/tfmini_ros': CMAKE_PREFIX_PATH=${CMAKE_PREFIX_PATH}:/home/taylor/ros2_iron/install/rqt_bag_plugins:/home/taylor/ros2_iron/install/rqt_bag:/home/taylor/ros2_iron/install/rosbag2_examples_py:/home/taylor/ros2_iron/install/launch_testing_examples:/home/taylor/ros2_iron/install/ros2bag:/home/taylor/ros2_iron/install/tracetools_test:/home/taylor/ros2_iron/install/tracetools_launch:/home/taylor/ros2_iron/install/topic_monitor:/home/taylor/ros2_iron/install/tf2_tools:/home/taylor/ros2_iron/install/examples_tf2_py:/home/taylor/ros2_iron/install/tf2_ros_py:/home/taylor/ros2_iron/install/examples_rclpy_pointcloud_publisher:/home/taylor/ros2_iron/install/sensor_msgs_py:/home/taylor/ros2_iron/install/quality_of_service_demo_py:/home/taylor/ros2_iron/install/rqt_plot:/home/taylor/ros2_iron/install/ros2doctor:/home/taylor/ros2_iron/install/lifecycle_py:/home/taylor/ros2_iron/install/examples_rclpy_minimal_subscriber:/home/taylor/ros2_iron/install/examples_rclpy_minimal_service:/home/taylor/ros2_iron/install/examples_rclpy_minimal_publisher:/home/taylor/ros2_iron/install/examples_rclpy_minimal_client:/home/taylor/ros2_iron/install/examples_rclpy_executors:/home/taylor/ros2_iron/install/demo_nodes_py:/home/taylor/ros2_iron/install/rqt:/home/taylor/ros2_iron/install/ros2component:/home/taylor/ros2_iron/install/sros2:/home/taylor/ros2_iron/install/rqt_topic:/home/taylor/ros2_iron/install/rqt_srv:/home/taylor/ros2_iron/install/rqt_shell:/home/taylor/ros2_iron/install/rqt_service_caller:/home/taylor/ros2_iron/install/rqt_reconfigure:/home/taylor/ros2_iron/install/rqt_py_console:/home/taylor/ros2_iron/install/rqt_publisher:/home/taylor/ros2_iron/install/rqt_action:/home/taylor/ros2_iron/install/rqt_msg:/home/taylor/ros2_iron/install/rqt_console:/home/taylor/ros2_iron/install/rqt_graph:/home/taylor/ros2_iron/install/rqt_gui_py:/home/taylor/ros2_iron/install/rqt_gui:/home/taylor/ros2_iron/install/ros2trace:/home/taylor/ros2_iron/install/ros2topic:/home/taylor/ros2_iron/install/ros2test:/home/taylor/ros2_iron/install/ros2param:/home/taylor/ros2_iron/install/ros2lifecycle:/home/taylor/ros2_iron/install/ros2service:/home/taylor/ros2_iron/install/ros2run:/home/taylor/ros2_iron/install/ros2launch:/home/taylor/ros2_iron/install/ros2pkg:/home/taylor/ros2_iron/install/ros2node:/home/taylor/ros2_iron/install/ros2multicast:/home/taylor/ros2_iron/install/ros2interface:/home/taylor/ros2_iron/install/ros2action:/home/taylor/ros2_iron/install/ros2cli:/home/taylor/ros2_iron/install/launch_testing_ros:/home/taylor/ros2_iron/install/launch_ros:/home/taylor/ros2_iron/install/examples_rclpy_minimal_action_server:/home/taylor/ros2_iron/install/examples_rclpy_minimal_action_client:/home/taylor/ros2_iron/install/examples_rclpy_guard_conditions:/home/taylor/ros2_iron/install/action_tutorials_py:/home/taylor/ros2_iron/install/ament_uncrustify:/home/taylor/ros2_iron/install/tracetools_trace:/home/taylor/ros2_iron/install/tracetools_read:/home/taylor/ros2_iron/install/test_tracetools_launch:/home/taylor/ros2_iron/install/test_ros2trace:/home/taylor/ros2_iron/install/test_launch_ros:/home/taylor/ros2_iron/install/rpyutils:/home/taylor/ros2_iron/install/rosidl_runtime_py:/home/taylor/ros2_iron/install/rosidl_pycommon:/home/taylor/ros2_iron/install/rosidl_cli:/home/taylor/ros2_iron/install/launch_pytest:/home/taylor/ros2_iron/install/launch_testing:/home/taylor/ros2_iron/install/launch_yaml:/home/taylor/ros2_iron/install/launch_xml:/home/taylor/ros2_iron/install/launch:/home/taylor/ros2_iron/install/osrf_pycommon:/home/taylor/ros2_iron/install/domain_coordinator:/home/taylor/ros2_iron/install/ament_xmllint:/home/taylor/ros2_iron/install/ament_pyflakes:/home/taylor/ros2_iron/install/ament_pycodestyle:/home/taylor/ros2_iron/install/ament_pep257:/home/taylor/ros2_iron/install/ament_pclint:/home/taylor/ros2_iron/install/ament_package:/home/taylor/ros2_iron/install/ament_mypy:/home/taylor/ros2_iron/install/ament_lint_cmake:/home/taylor/ros2_iron/install/ament_flake8:/home/taylor/ros2_iron/install/ament_copyright:/home/taylor/ros2_iron/install/ament_lint:/home/taylor/ros2_iron/install/ament_index_python:/home/taylor/ros2_iron/install/ament_cpplint:/home/taylor/ros2_iron/install/ament_cppcheck:/home/taylor/ros2_iron/install/ament_clang_tidy:/home/taylor/ros2_iron/install/ament_clang_format /usr/bin/cmake --build /home/taylor/Buddy_Bot/buddybot/ros2_workspace/build/tfmini_ros -- -j4 -l4
[0.244s] [ 33%] [32mBuilding CXX object CMakeFiles/tfmini_ros_node.dir/src/TFmini_ros_node.cpp.o[0m
[3.933s] [01m[K/home/taylor/Buddy_Bot/buddybot/ros2_workspace/src/tfmini_ros/src/TFmini_ros_node.cpp:[m[K In constructor â€˜[01m[Kbenewake::TFmini::TFmini(std::string, int)[m[Kâ€™:
[3.933s] [01m[K/home/taylor/Buddy_Bot/buddybot/ros2_workspace/src/tfmini_ros/src/TFmini_ros_node.cpp:28:35:[m[K [01;31m[Kerror: [m[Kâ€˜[01m[KO_RDWR[m[Kâ€™ was not declared in this scope
[3.933s]    28 |     serial_ = open(_name.c_str(), [01;31m[KO_RDWR[m[K);
[3.933s]       |                                   [01;31m[K^~~~~~[m[K
[3.940s] [01m[K/home/taylor/Buddy_Bot/buddybot/ros2_workspace/src/tfmini_ros/src/TFmini_ros_node.cpp:28:15:[m[K [01;31m[Kerror: [m[Kâ€˜[01m[Kopen[m[Kâ€™ was not declared in this scope; did you mean â€˜[01m[Kpopen[m[Kâ€™?
[3.940s]    28 |     serial_ = [01;31m[Kopen[m[K(_name.c_str(), O_RDWR);
[3.940s]       |               [01;31m[K^~~~[m[K
[3.940s]       |               [32m[Kpopen[m[K
[3.941s] [01m[K/home/taylor/Buddy_Bot/buddybot/ros2_workspace/src/tfmini_ros/src/TFmini_ros_node.cpp:35:20:[m[K [01;31m[Kerror: [m[Kaggregate â€˜[01m[Kbenewake::TFmini::TFmini(std::string, int)::termios options[m[Kâ€™ has incomplete type and cannot be defined
[3.941s]    35 |     struct termios [01;31m[Koptions[m[K;
[3.941s]       |                    [01;31m[K^~~~~~~[m[K
[3.950s] [01m[K/home/taylor/Buddy_Bot/buddybot/ros2_workspace/src/tfmini_ros/src/TFmini_ros_node.cpp:36:9:[m[K [01;31m[Kerror: [m[Kâ€˜[01m[Ktcgetattr[m[Kâ€™ was not declared in this scope
[3.950s]    36 |     if ([01;31m[Ktcgetattr[m[K(serial_, &options) != 0)
[3.950s]       |         [01;31m[K^~~~~~~~~[m[K
[3.960s] [01m[K/home/taylor/Buddy_Bot/buddybot/ros2_workspace/src/tfmini_ros/src/TFmini_ros_node.cpp:41:22:[m[K [01;31m[Kerror: [m[Kâ€˜[01m[KTCIFLUSH[m[Kâ€™ was not declared in this scope
[3.960s]    41 |     tcflush(serial_, [01;31m[KTCIFLUSH[m[K);
[3.960s]       |                      [01;31m[K^~~~~~~~[m[K
[3.968s] [01m[K/home/taylor/Buddy_Bot/buddybot/ros2_workspace/src/tfmini_ros/src/TFmini_ros_node.cpp:41:5:[m[K [01;31m[Kerror: [m[Kâ€˜[01m[Ktcflush[m[Kâ€™ was not declared in this scope; did you mean â€˜[01m[Kfflush[m[Kâ€™?
[3.968s]    41 |     [01;31m[Ktcflush[m[K(serial_, TCIFLUSH);
[3.968s]       |     [01;31m[K^~~~~~~[m[K
[3.968s]       |     [32m[Kfflush[m[K
[3.977s] [01m[K/home/taylor/Buddy_Bot/buddybot/ros2_workspace/src/tfmini_ros/src/TFmini_ros_node.cpp:45:31:[m[K [01;31m[Kerror: [m[Kâ€˜[01m[KB921600[m[Kâ€™ was not declared in this scope
[3.977s]    45 |         cfsetispeed(&options, [01;31m[KB921600[m[K);
[3.977s]       |                               [01;31m[K^~~~~~~[m[K
[3.988s] [01m[K/home/taylor/Buddy_Bot/buddybot/ros2_workspace/src/tfmini_ros/src/TFmini_ros_node.cpp:45:9:[m[K [01;31m[Kerror: [m[Kâ€˜[01m[Kcfsetispeed[m[Kâ€™ was not declared in this scope
[3.988s]    45 |         [01;31m[Kcfsetispeed[m[K(&options, B921600);
[3.988s]       |         [01;31m[K^~~~~~~~~~~[m[K
[3.998s] [01m[K/home/taylor/Buddy_Bot/buddybot/ros2_workspace/src/tfmini_ros/src/TFmini_ros_node.cpp:46:9:[m[K [01;31m[Kerror: [m[Kâ€˜[01m[Kcfsetospeed[m[Kâ€™ was not declared in this scope
[3.998s]    46 |         [01;31m[Kcfsetospeed[m[K(&options, B921600);
[3.998s]       |         [01;31m[K^~~~~~~~~~~[m[K
[4.009s] [01m[K/home/taylor/Buddy_Bot/buddybot/ros2_workspace/src/tfmini_ros/src/TFmini_ros_node.cpp:49:31:[m[K [01;31m[Kerror: [m[Kâ€˜[01m[KB576000[m[Kâ€™ was not declared in this scope
[4.009s]    49 |         cfsetispeed(&options, [01;31m[KB576000[m[K);
[4.009s]       |                               [01;31m[K^~~~~~~[m[K
[4.020s] [01m[K/home/taylor/Buddy_Bot/buddybot/ros2_workspace/src/tfmini_ros/src/TFmini_ros_node.cpp:53:31:[m[K [01;31m[Kerror: [m[Kâ€˜[01m[KB500000[m[Kâ€™ was not declared in this scope
[4.020s]    53 |         cfsetispeed(&options, [01;31m[KB500000[m[K);
[4.020s]       |                               [01;31m[K^~~~~~~[m[K
[4.029s] [01m[K/home/taylor/Buddy_Bot/buddybot/ros2_workspace/src/tfmini_ros/src/TFmini_ros_node.cpp:57:31:[m[K [01;31m[Kerror: [m[Kâ€˜[01m[KB460800[m[Kâ€™ was not declared in this scope
[4.029s]    57 |         cfsetispeed(&options, [01;31m[KB460800[m[K);
[4.029s]       |                               [01;31m[K^~~~~~~[m[K
[4.038s] [01m[K/home/taylor/Buddy_Bot/buddybot/ros2_workspace/src/tfmini_ros/src/TFmini_ros_node.cpp:61:31:[m[K [01;31m[Kerror: [m[Kâ€˜[01m[KB230400[m[Kâ€™ was not declared in this scope
[4.038s]    61 |         cfsetispeed(&options, [01;31m[KB230400[m[K);
[4.038s]       |                               [01;31m[K^~~~~~~[m[K
[4.047s] [01m[K/home/taylor/Buddy_Bot/buddybot/ros2_workspace/src/tfmini_ros/src/TFmini_ros_node.cpp:65:31:[m[K [01;31m[Kerror: [m[Kâ€˜[01m[KB115200[m[Kâ€™ was not declared in this scope
[4.047s]    65 |         cfsetispeed(&options, [01;31m[KB115200[m[K);
[4.047s]       |                               [01;31m[K^~~~~~~[m[K
[4.055s] [01m[K/home/taylor/Buddy_Bot/buddybot/ros2_workspace/src/tfmini_ros/src/TFmini_ros_node.cpp:69:31:[m[K [01;31m[Kerror: [m[Kâ€˜[01m[KB57600[m[Kâ€™ was not declared in this scope
[4.055s]    69 |         cfsetispeed(&options, [01;31m[KB57600[m[K);
[4.056s]       |                               [01;31m[K^~~~~~[m[K
[4.064s] [01m[K/home/taylor/Buddy_Bot/buddybot/ros2_workspace/src/tfmini_ros/src/TFmini_ros_node.cpp:73:31:[m[K [01;31m[Kerror: [m[Kâ€˜[01m[KB38400[m[Kâ€™ was not declared in this scope
[4.064s]    73 |         cfsetispeed(&options, [01;31m[KB38400[m[K);
[4.064s]       |                               [01;31m[K^~~~~~[m[K
[4.072s] [01m[K/home/taylor/Buddy_Bot/buddybot/ros2_workspace/src/tfmini_ros/src/TFmini_ros_node.cpp:77:31:[m[K [01;31m[Kerror: [m[Kâ€˜[01m[KB19200[m[Kâ€™ was not declared in this scope
[4.072s]    77 |         cfsetispeed(&options, [01;31m[KB19200[m[K);
[4.072s]       |                               [01;31m[K^~~~~~[m[K
[4.081s] [01m[K/home/taylor/Buddy_Bot/buddybot/ros2_workspace/src/tfmini_ros/src/TFmini_ros_node.cpp:81:31:[m[K [01;31m[Kerror: [m[Kâ€˜[01m[KB9600[m[Kâ€™ was not declared in this scope
[4.081s]    81 |         cfsetispeed(&options, [01;31m[KB9600[m[K);
[4.081s]       |                               [01;31m[K^~~~~[m[K
[4.089s] [01m[K/home/taylor/Buddy_Bot/buddybot/ros2_workspace/src/tfmini_ros/src/TFmini_ros_node.cpp:85:31:[m[K [01;31m[Kerror: [m[Kâ€˜[01m[KB4800[m[Kâ€™ was not declared in this scope
[4.089s]    85 |         cfsetispeed(&options, [01;31m[KB4800[m[K);
[4.089s]       |                               [01;31m[K^~~~~[m[K
[4.098s] [01m[K/home/taylor/Buddy_Bot/buddybot/ros2_workspace/src/tfmini_ros/src/TFmini_ros_node.cpp:92:26:[m[K [01;31m[Kerror: [m[Kâ€˜[01m[KICANON[m[Kâ€™ was not declared in this scope
[4.098s]    92 |     options.c_lflag &= ~([01;31m[KICANON[m[K | ECHO | ECHOE | ISIG);
[4.098s]       |                          [01;31m[K^~~~~~[m[K
[4.109s] [01m[K/home/taylor/Buddy_Bot/buddybot/ros2_workspace/src/tfmini_ros/src/TFmini_ros_node.cpp:92:35:[m[K [01;31m[Kerror: [m[Kâ€˜[01m[KECHO[m[Kâ€™ was not declared in this scope
[4.109s]    92 |     options.c_lflag &= ~(ICANON | [01;31m[KECHO[m[K | ECHOE | ISIG);
[4.109s]       |                                   [01;31m[K^~~~[m[K
[4.118s] [01m[K/home/taylor/Buddy_Bot/buddybot/ros2_workspace/src/tfmini_ros/src/TFmini_ros_node.cpp:92:42:[m[K [01;31m[Kerror: [m[Kâ€˜[01m[KECHOE[m[Kâ€™ was not declared in this scope
[4.118s]    92 |     options.c_lflag &= ~(ICANON | ECHO | [01;31m[KECHOE[m[K | ISIG);
[4.118s]       |                                          [01;31m[K^~~~~[m[K
[4.126s] [01m[K/home/taylor/Buddy_Bot/buddybot/ros2_workspace/src/tfmini_ros/src/TFmini_ros_node.cpp:92:50:[m[K [01;31m[Kerror: [m[Kâ€˜[01m[KISIG[m[Kâ€™ was not declared in this scope; did you mean â€˜[01m[KNSIG[m[Kâ€™?
[4.126s]    92 |     options.c_lflag &= ~(ICANON | ECHO | ECHOE | [01;31m[KISIG[m[K);
[4.126s]       |                                                  [01;31m[K^~~~[m[K
[4.126s]       |                                                  [32m[KNSIG[m[K
[4.134s] [01m[K/home/taylor/Buddy_Bot/buddybot/ros2_workspace/src/tfmini_ros/src/TFmini_ros_node.cpp:93:25:[m[K [01;31m[Kerror: [m[Kâ€˜[01m[KOPOST[m[Kâ€™ was not declared in this scope
[4.134s]    93 |     options.c_oflag &= ~[01;31m[KOPOST[m[K;
[4.134s]       |                         [01;31m[K^~~~~[m[K
[4.142s] [01m[K/home/taylor/Buddy_Bot/buddybot/ros2_workspace/src/tfmini_ros/src/TFmini_ros_node.cpp:94:26:[m[K [01;31m[Kerror: [m[Kâ€˜[01m[KIXON[m[Kâ€™ was not declared in this scope
[4.142s]    94 |     options.c_iflag &= ~([01;31m[KIXON[m[K | IXOFF | IXANY);
[4.142s]       |                          [01;31m[K^~~~[m[K
[4.150s] [01m[K/home/taylor/Buddy_Bot/buddybot/ros2_workspace/src/tfmini_ros/src/TFmini_ros_node.cpp:94:33:[m[K [01;31m[Kerror: [m[Kâ€˜[01m[KIXOFF[m[Kâ€™ was not declared in this scope
[4.150s]    94 |     options.c_iflag &= ~(IXON | [01;31m[KIXOFF[m[K | IXANY);
[4.150s]       |                                 [01;31m[K^~~~~[m[K
[4.158s] [01m[K/home/taylor/Buddy_Bot/buddybot/ros2_workspace/src/tfmini_ros/src/TFmini_ros_node.cpp:94:41:[m[K [01;31m[Kerror: [m[Kâ€˜[01m[KIXANY[m[Kâ€™ was not declared in this scope
[4.158s]    94 |     options.c_iflag &= ~(IXON | IXOFF | [01;31m[KIXANY[m[K);
[4.158s]       |                                         [01;31m[K^~~~~[m[K
[4.166s] [01m[K/home/taylor/Buddy_Bot/buddybot/ros2_workspace/src/tfmini_ros/src/TFmini_ros_node.cpp:95:26:[m[K [01;31m[Kerror: [m[Kâ€˜[01m[KINLCR[m[Kâ€™ was not declared in this scope
[4.166s]    95 |     options.c_iflag &= ~([01;31m[KINLCR[m[K | ICRNL | IGNCR);
[4.166s]       |                          [01;31m[K^~~~~[m[K
[4.174s] [01m[K/home/taylor/Buddy_Bot/buddybot/ros2_workspace/src/tfmini_ros/src/TFmini_ros_node.cpp:95:34:[m[K [01;31m[Kerror: [m[Kâ€˜[01m[KICRNL[m[Kâ€™ was not declared in this scope
[4.174s]    95 |     options.c_iflag &= ~(INLCR | [01;31m[KICRNL[m[K | IGNCR);
[4.174s]       |                                  [01;31m[K^~~~~[m[K
[4.183s] [01m[K/home/taylor/Buddy_Bot/buddybot/ros2_workspace/src/tfmini_ros/src/TFmini_ros_node.cpp:95:42:[m[K [01;31m[Kerror: [m[Kâ€˜[01m[KIGNCR[m[Kâ€™ was not declared in this scope
[4.183s]    95 |     options.c_iflag &= ~(INLCR | ICRNL | [01;31m[KIGNCR[m[K);
[4.183s]       |                                          [01;31m[K^~~~~[m[K
[4.191s] [01m[K/home/taylor/Buddy_Bot/buddybot/ros2_workspace/src/tfmini_ros/src/TFmini_ros_node.cpp:96:26:[m[K [01;31m[Kerror: [m[Kâ€˜[01m[KONLCR[m[Kâ€™ was not declared in this scope
[4.191s]    96 |     options.c_oflag &= ~([01;31m[KONLCR[m[K | OCRNL);
[4.191s]       |                          [01;31m[K^~~~~[m[K
[4.199s] [01m[K/home/taylor/Buddy_Bot/buddybot/ros2_workspace/src/tfmini_ros/src/TFmini_ros_node.cpp:96:34:[m[K [01;31m[Kerror: [m[Kâ€˜[01m[KOCRNL[m[Kâ€™ was not declared in this scope
[4.199s]    96 |     options.c_oflag &= ~(ONLCR | [01;31m[KOCRNL[m[K);
[4.199s]       |                                  [01;31m[K^~~~~[m[K
[4.214s] [01m[K/home/taylor/Buddy_Bot/buddybot/ros2_workspace/src/tfmini_ros/src/TFmini_ros_node.cpp:97:28:[m[K [01;31m[Kerror: [m[Kâ€˜[01m[KTCSANOW[m[Kâ€™ was not declared in this scope
[4.214s]    97 |     if (tcsetattr(serial_, [01;31m[KTCSANOW[m[K, &options) != 0)
[4.214s]       |                            [01;31m[K^~~~~~~[m[K
[4.221s] [01m[K/home/taylor/Buddy_Bot/buddybot/ros2_workspace/src/tfmini_ros/src/TFmini_ros_node.cpp:97:9:[m[K [01;31m[Kerror: [m[Kâ€˜[01m[Ktcsetattr[m[Kâ€™ was not declared in this scope
[4.221s]    97 |     if ([01;31m[Ktcsetattr[m[K(serial_, TCSANOW, &options) != 0)
[4.221s]       |         [01;31m[K^~~~~~~~~[m[K
[4.232s] [01m[K/home/taylor/Buddy_Bot/buddybot/ros2_workspace/src/tfmini_ros/src/TFmini_ros_node.cpp:[m[K In member function â€˜[01m[Kfloat benewake::TFmini::getDist()[m[Kâ€™:
[4.232s] [01m[K/home/taylor/Buddy_Bot/buddybot/ros2_workspace/src/tfmini_ros/src/TFmini_ros_node.cpp:125:20:[m[K [01;31m[Kerror: [m[Kâ€˜[01m[KdataBuf[m[Kâ€™ was not declared in this scope
[4.232s]   125 |       if (readData([01;31m[KdataBuf[m[K, 2))
[4.232s]       |                    [01;31m[K^~~~~~~[m[K
[4.240s] [01m[K/home/taylor/Buddy_Bot/buddybot/ros2_workspace/src/tfmini_ros/src/TFmini_ros_node.cpp:136:18:[m[K [01;31m[Kerror: [m[Kâ€˜[01m[KdataBuf[m[Kâ€™ was not declared in this scope
[4.240s]   136 |     if (readData([01;31m[KdataBuf[m[K, 7))
[4.240s]       |                  [01;31m[K^~~~~~~[m[K
[4.969s] gmake[2]: *** [CMakeFiles/tfmini_ros_node.dir/build.make:76: CMakeFiles/tfmini_ros_node.dir/src/TFmini_ros_node.cpp.o] Error 1
[4.969s] gmake[1]: *** [CMakeFiles/Makefile2:137: CMakeFiles/tfmini_ros_node.dir/all] Error 2
[4.969s] gmake: *** [Makefile:146: all] Error 2
[4.971s] Invoked command in '/home/taylor/Buddy_Bot/buddybot/ros2_workspace/build/tfmini_ros' returned '2': CMAKE_PREFIX_PATH=${CMAKE_PREFIX_PATH}:/home/taylor/ros2_iron/install/rqt_bag_plugins:/home/taylor/ros2_iron/install/rqt_bag:/home/taylor/ros2_iron/install/rosbag2_examples_py:/home/taylor/ros2_iron/install/launch_testing_examples:/home/taylor/ros2_iron/install/ros2bag:/home/taylor/ros2_iron/install/tracetools_test:/home/taylor/ros2_iron/install/tracetools_launch:/home/taylor/ros2_iron/install/topic_monitor:/home/taylor/ros2_iron/install/tf2_tools:/home/taylor/ros2_iron/install/examples_tf2_py:/home/taylor/ros2_iron/install/tf2_ros_py:/home/taylor/ros2_iron/install/examples_rclpy_pointcloud_publisher:/home/taylor/ros2_iron/install/sensor_msgs_py:/home/taylor/ros2_iron/install/quality_of_service_demo_py:/home/taylor/ros2_iron/install/rqt_plot:/home/taylor/ros2_iron/install/ros2doctor:/home/taylor/ros2_iron/install/lifecycle_py:/home/taylor/ros2_iron/install/examples_rclpy_minimal_subscriber:/home/taylor/ros2_iron/install/examples_rclpy_minimal_service:/home/taylor/ros2_iron/install/examples_rclpy_minimal_publisher:/home/taylor/ros2_iron/install/examples_rclpy_minimal_client:/home/taylor/ros2_iron/install/examples_rclpy_executors:/home/taylor/ros2_iron/install/demo_nodes_py:/home/taylor/ros2_iron/install/rqt:/home/taylor/ros2_iron/install/ros2component:/home/taylor/ros2_iron/install/sros2:/home/taylor/ros2_iron/install/rqt_topic:/home/taylor/ros2_iron/install/rqt_srv:/home/taylor/ros2_iron/install/rqt_shell:/home/taylor/ros2_iron/install/rqt_service_caller:/home/taylor/ros2_iron/install/rqt_reconfigure:/home/taylor/ros2_iron/install/rqt_py_console:/home/taylor/ros2_iron/install/rqt_publisher:/home/taylor/ros2_iron/install/rqt_action:/home/taylor/ros2_iron/install/rqt_msg:/home/taylor/ros2_iron/install/rqt_console:/home/taylor/ros2_iron/install/rqt_graph:/home/taylor/ros2_iron/install/rqt_gui_py:/home/taylor/ros2_iron/install/rqt_gui:/home/taylor/ros2_iron/install/ros2trace:/home/taylor/ros2_iron/install/ros2topic:/home/taylor/ros2_iron/install/ros2test:/home/taylor/ros2_iron/install/ros2param:/home/taylor/ros2_iron/install/ros2lifecycle:/home/taylor/ros2_iron/install/ros2service:/home/taylor/ros2_iron/install/ros2run:/home/taylor/ros2_iron/install/ros2launch:/home/taylor/ros2_iron/install/ros2pkg:/home/taylor/ros2_iron/install/ros2node:/home/taylor/ros2_iron/install/ros2multicast:/home/taylor/ros2_iron/install/ros2interface:/home/taylor/ros2_iron/install/ros2action:/home/taylor/ros2_iron/install/ros2cli:/home/taylor/ros2_iron/install/launch_testing_ros:/home/taylor/ros2_iron/install/launch_ros:/home/taylor/ros2_iron/install/examples_rclpy_minimal_action_server:/home/taylor/ros2_iron/install/examples_rclpy_minimal_action_client:/home/taylor/ros2_iron/install/examples_rclpy_guard_conditions:/home/taylor/ros2_iron/install/action_tutorials_py:/home/taylor/ros2_iron/install/ament_uncrustify:/home/taylor/ros2_iron/install/tracetools_trace:/home/taylor/ros2_iron/install/tracetools_read:/home/taylor/ros2_iron/install/test_tracetools_launch:/home/taylor/ros2_iron/install/test_ros2trace:/home/taylor/ros2_iron/install/test_launch_ros:/home/taylor/ros2_iron/install/rpyutils:/home/taylor/ros2_iron/install/rosidl_runtime_py:/home/taylor/ros2_iron/install/rosidl_pycommon:/home/taylor/ros2_iron/install/rosidl_cli:/home/taylor/ros2_iron/install/launch_pytest:/home/taylor/ros2_iron/install/launch_testing:/home/taylor/ros2_iron/install/launch_yaml:/home/taylor/ros2_iron/install/launch_xml:/home/taylor/ros2_iron/install/launch:/home/taylor/ros2_iron/install/osrf_pycommon:/home/taylor/ros2_iron/install/domain_coordinator:/home/taylor/ros2_iron/install/ament_xmllint:/home/taylor/ros2_iron/install/ament_pyflakes:/home/taylor/ros2_iron/install/ament_pycodestyle:/home/taylor/ros2_iron/install/ament_pep257:/home/taylor/ros2_iron/install/ament_pclint:/home/taylor/ros2_iron/install/ament_package:/home/taylor/ros2_iron/install/ament_mypy:/home/taylor/ros2_iron/install/ament_lint_cmake:/home/taylor/ros2_iron/install/ament_flake8:/home/taylor/ros2_iron/install/ament_copyright:/home/taylor/ros2_iron/install/ament_lint:/home/taylor/ros2_iron/install/ament_index_python:/home/taylor/ros2_iron/install/ament_cpplint:/home/taylor/ros2_iron/install/ament_cppcheck:/home/taylor/ros2_iron/install/ament_clang_tidy:/home/taylor/ros2_iron/install/ament_clang_format /usr/bin/cmake --build /home/taylor/Buddy_Bot/buddybot/ros2_workspace/build/tfmini_ros -- -j4 -l4
