[1.056s] Invoking command in '/home/taylor/Buddy_Bot/buddybot/ros2_workspace/build/movement': PS1=(yolov8_venv) \[\e]0;\u@\h: \w\a\]${debian_chroot:+($debian_chroot)}\[\033[01;32m\]\u@\h\[\033[00m\]:\[\033[01;34m\]\w \$\[\033[00m\] VIRTUAL_ENV_PROMPT=(yolov8_venv) /usr/bin/cmake /home/taylor/Buddy_Bot/buddybot/ros2_workspace/src/movement -DCMAKE_INSTALL_PREFIX=/home/taylor/Buddy_Bot/buddybot/ros2_workspace/install/movement
[1.274s] -- The C compiler identification is GNU 12.2.0
[1.437s] -- The CXX compiler identification is GNU 12.2.0
[1.466s] -- Detecting C compiler ABI info
[1.764s] -- Detecting C compiler ABI info - done
[1.792s] -- Check for working C compiler: /usr/bin/cc - skipped
[1.797s] -- Detecting C compile features
[1.797s] -- Detecting C compile features - done
[1.809s] -- Detecting CXX compiler ABI info
[2.098s] -- Detecting CXX compiler ABI info - done
[2.113s] -- Check for working CXX compiler: /usr/bin/c++ - skipped
[2.113s] -- Detecting CXX compile features
[2.114s] -- Detecting CXX compile features - done
[2.134s] -- Found ament_cmake: 2.0.4 (/home/taylor/ros2_iron/install/ament_cmake/share/ament_cmake/cmake)
[4.205s] -- Found Python3: /home/taylor/Buddy_Bot/buddybot/ros2_workspace/yolov8_venv/bin/python3 (found version "3.11.2") found components: Interpreter 
[4.857s] -- Found rclcpp: 21.0.5 (/home/taylor/ros2_iron/install/rclcpp/share/rclcpp/cmake)
[5.084s] -- Found rosidl_generator_c: 4.0.1 (/home/taylor/ros2_iron/install/rosidl_generator_c/share/rosidl_generator_c/cmake)
[5.148s] -- Found rosidl_generator_cpp: 4.0.1 (/home/taylor/ros2_iron/install/rosidl_generator_cpp/share/rosidl_generator_cpp/cmake)
[5.263s] -- Using all available rosidl_typesupport_c: rosidl_typesupport_introspection_c;rosidl_typesupport_fastrtps_c
[5.379s] -- Using all available rosidl_typesupport_cpp: rosidl_typesupport_introspection_cpp;rosidl_typesupport_fastrtps_cpp
[5.833s] -- Found rmw_implementation_cmake: 7.1.0 (/home/taylor/ros2_iron/install/rmw_implementation_cmake/share/rmw_implementation_cmake/cmake)
[5.888s] -- Found rmw_fastrtps_cpp: 7.1.3 (/home/taylor/ros2_iron/install/rmw_fastrtps_cpp/share/rmw_fastrtps_cpp/cmake)
[6.307s] -- Found OpenSSL: /usr/lib/aarch64-linux-gnu/libcrypto.so (found version "3.0.11")  
[6.379s] -- Found FastRTPS: /home/taylor/ros2_iron/install/fastrtps/include  
[6.513s] -- Using RMW implementation 'rmw_fastrtps_cpp' as default
[6.977s] -- Found std_msgs: 5.0.0 (/home/taylor/ros2_iron/install/std_msgs/share/std_msgs/cmake)
[7.106s] -- Found rosidl_default_generators: 1.5.0 (/home/taylor/ros2_iron/install/rosidl_default_generators/share/rosidl_default_generators/cmake)
[7.339s] -- Found rosidl_adapter: 4.0.1 (/home/taylor/ros2_iron/install/rosidl_adapter/share/rosidl_adapter/cmake)
[7.681s] -- Configuring incomplete, errors occurred!
[7.681s] See also "/home/taylor/Buddy_Bot/buddybot/ros2_workspace/build/movement/CMakeFiles/CMakeOutput.log".
[7.681s] [31mCMake Error at /home/taylor/ros2_iron/install/rosidl_adapter/share/rosidl_adapter/cmake/rosidl_adapt_interfaces.cmake:57 (message):
[7.681s]   
[7.681s]   execute_process(/home/taylor/Buddy_Bot/buddybot/ros2_workspace/yolov8_venv/bin/python3
[7.681s]   -m rosidl_adapter --package-name movement --arguments-file
[7.681s]   /home/taylor/Buddy_Bot/buddybot/ros2_workspace/build/movement/rosidl_adapter__arguments__movement.json
[7.682s]   --output-dir
[7.682s]   /home/taylor/Buddy_Bot/buddybot/ros2_workspace/build/movement/rosidl_adapter/movement
[7.682s]   --output-file
[7.682s]   /home/taylor/Buddy_Bot/buddybot/ros2_workspace/build/movement/rosidl_adapter/movement.idls)
[7.682s]   returned error code 1:
[7.682s] 
[7.682s]   AttributeError processing template 'msg.idl.em'
[7.682s] 
[7.682s]   Traceback (most recent call last):
[7.682s] 
[7.682s]     File "/home/taylor/ros2_iron/install/rosidl_adapter/lib/python3.11/site-packages/rosidl_adapter/resource/__init__.py", line 51, in evaluate_template
[7.682s]       em.BUFFERED_OPT: True,
[7.682s]       ^^^^^^^^^^^^^^^
[7.682s] 
[7.682s]   AttributeError: module 'em' has no attribute 'BUFFERED_OPT'
[7.682s] 
[7.682s]   
[7.682s] 
[7.682s]   During handling of the above exception, another exception occurred:
[7.682s] 
[7.682s]   
[7.682s] 
[7.683s]   Traceback (most recent call last):
[7.683s] 
[7.683s]     File "<frozen runpy>", line 198, in _run_module_as_main
[7.683s]     File "<frozen runpy>", line 88, in _run_code
[7.683s]     File "/home/taylor/ros2_iron/install/rosidl_adapter/lib/python3.11/site-packages/rosidl_adapter/__main__.py", line 19, in <module>
[7.683s]       sys.exit(main())
[7.683s]                ^^^^^^
[7.683s]     File "/home/taylor/ros2_iron/install/rosidl_adapter/lib/python3.11/site-packages/rosidl_adapter/main.py", line 53, in main
[7.683s]       abs_idl_file = convert_to_idl(
[7.683s]                      ^^^^^^^^^^^^^^^
[7.683s]     File "/home/taylor/ros2_iron/install/rosidl_adapter/lib/python3.11/site-packages/rosidl_adapter/__init__.py", line 19, in convert_to_idl
[7.683s]       return convert_msg_to_idl(
[7.683s]              ^^^^^^^^^^^^^^^^^^^
[7.683s]     File "/home/taylor/ros2_iron/install/rosidl_adapter/lib/python3.11/site-packages/rosidl_adapter/msg/__init__.py", line 39, in convert_msg_to_idl
[7.683s]       expand_template('msg.idl.em', data, output_file, encoding='iso-8859-1')
[7.683s]     File "/home/taylor/ros2_iron/install/rosidl_adapter/lib/python3.11/site-packages/rosidl_adapter/resource/__init__.py", line 23, in expand_template
[7.683s]       content = evaluate_template(template_name, data)
[7.683s]                 ^^^^^^^^^^^^^^^^^^^^^^^^^^^^^^^^^^^^^^
[7.683s]     File "/home/taylor/ros2_iron/install/rosidl_adapter/lib/python3.11/site-packages/rosidl_adapter/resource/__init__.py", line 69, in evaluate_template
[7.683s]       _interpreter.shutdown()
[7.683s]       ^^^^^^^^^^^^^^^^^^^^^
[7.684s] 
[7.684s]   AttributeError: 'NoneType' object has no attribute 'shutdown'
[7.684s] 
[7.684s] Call Stack (most recent call first):
[7.684s]   /home/taylor/ros2_iron/install/rosidl_cmake/share/rosidl_cmake/cmake/rosidl_generate_interfaces.cmake:132 (rosidl_adapt_interfaces)
[7.684s]   CMakeLists.txt:20 (rosidl_generate_interfaces)
[7.684s] 
[7.684s] [0m
[7.714s] Invoked command in '/home/taylor/Buddy_Bot/buddybot/ros2_workspace/build/movement' returned '1': PS1=(yolov8_venv) \[\e]0;\u@\h: \w\a\]${debian_chroot:+($debian_chroot)}\[\033[01;32m\]\u@\h\[\033[00m\]:\[\033[01;34m\]\w \$\[\033[00m\] VIRTUAL_ENV_PROMPT=(yolov8_venv) /usr/bin/cmake /home/taylor/Buddy_Bot/buddybot/ros2_workspace/src/movement -DCMAKE_INSTALL_PREFIX=/home/taylor/Buddy_Bot/buddybot/ros2_workspace/install/movement
