[ 33%] [32mBuilding CXX object CMakeFiles/tfmini_ros_node.dir/src/TFmini_ros_node.cpp.o[0m
[01m[K/home/taylor/Buddy_Bot/buddybot/ros2_workspace/src/tfmini_ros/src/TFmini_ros_node.cpp:15:62:[m[K [01;31m[Kerror: [m[Kmacro "RCLCPP_ERROR_STREAM" requires 2 arguments, but only 1 given
   15 |             RCLCPP_ERROR_STREAM("Failed to open serial port!"[01;31m[K)[m[K;
      |                                                              [01;31m[K^[m[K
In file included from [01m[K/home/taylor/Buddy_Bot/buddybot/ros2_workspace/src/tfmini_ros/src/TFmini_ros_node.cpp:6[m[K:
[01m[K/home/taylor/ros2_iron/build/rclcpp/include/rclcpp/logging.hpp:1564:[m[K [01;36m[Knote: [m[Kmacro "RCLCPP_ERROR_STREAM" defined here
 1564 | #define RCLCPP_ERROR_STREAM(logger, stream_arg) \
      | 
[01m[K/home/taylor/Buddy_Bot/buddybot/ros2_workspace/src/tfmini_ros/src/TFmini_ros_node.cpp:22:62:[m[K [01;31m[Kerror: [m[Kmacro "RCLCPP_ERROR_STREAM" requires 2 arguments, but only 1 given
   22 |             RCLCPP_ERROR_STREAM("Can't get serial port sets!"[01;31m[K)[m[K;
      |                                                              [01;31m[K^[m[K
[01m[K/home/taylor/ros2_iron/build/rclcpp/include/rclcpp/logging.hpp:1564:[m[K [01;36m[Knote: [m[Kmacro "RCLCPP_ERROR_STREAM" defined here
 1564 | #define RCLCPP_ERROR_STREAM(logger, stream_arg) \
      | 
[01m[K/home/taylor/Buddy_Bot/buddybot/ros2_workspace/src/tfmini_ros/src/TFmini_ros_node.cpp:73:61:[m[K [01;31m[Kerror: [m[Kmacro "RCLCPP_ERROR_STREAM" requires 2 arguments, but only 1 given
   73 |                 RCLCPP_ERROR_STREAM("Unsupported baud rate!"[01;31m[K)[m[K;
      |                                                             [01;31m[K^[m[K
[01m[K/home/taylor/ros2_iron/build/rclcpp/include/rclcpp/logging.hpp:1564:[m[K [01;36m[Knote: [m[Kmacro "RCLCPP_ERROR_STREAM" defined here
 1564 | #define RCLCPP_ERROR_STREAM(logger, stream_arg) \
      | 
[01m[K/home/taylor/Buddy_Bot/buddybot/ros2_workspace/src/tfmini_ros/src/TFmini_ros_node.cpp:86:65:[m[K [01;31m[Kerror: [m[Kmacro "RCLCPP_ERROR_STREAM" requires 2 arguments, but only 1 given
   86 |             RCLCPP_ERROR_STREAM("Can't set serial port options!"[01;31m[K)[m[K;
      |                                                                 [01;31m[K^[m[K
[01m[K/home/taylor/ros2_iron/build/rclcpp/include/rclcpp/logging.hpp:1564:[m[K [01;36m[Knote: [m[Kmacro "RCLCPP_ERROR_STREAM" defined here
 1564 | #define RCLCPP_ERROR_STREAM(logger, stream_arg) \
      | 
[01m[K/home/taylor/Buddy_Bot/buddybot/ros2_workspace/src/tfmini_ros/src/TFmini_ros_node.cpp:[m[K In constructor â€˜[01m[Kbenewake::TFmini::TFmini(std::string, int)[m[Kâ€™:
[01m[K/home/taylor/Buddy_Bot/buddybot/ros2_workspace/src/tfmini_ros/src/TFmini_ros_node.cpp:15:13:[m[K [01;31m[Kerror: [m[Kâ€˜[01m[KRCLCPP_ERROR_STREAM[m[Kâ€™ was not declared in this scope
   15 |             [01;31m[KRCLCPP_ERROR_STREAM[m[K("Failed to open serial port!");
      |             [01;31m[K^~~~~~~~~~~~~~~~~~~[m[K
[01m[K/home/taylor/Buddy_Bot/buddybot/ros2_workspace/src/tfmini_ros/src/TFmini_ros_node.cpp:22:13:[m[K [01;31m[Kerror: [m[Kâ€˜[01m[KRCLCPP_ERROR_STREAM[m[Kâ€™ was not declared in this scope
   22 |             [01;31m[KRCLCPP_ERROR_STREAM[m[K("Can't get serial port sets!");
      |             [01;31m[K^~~~~~~~~~~~~~~~~~~[m[K
[01m[K/home/taylor/Buddy_Bot/buddybot/ros2_workspace/src/tfmini_ros/src/TFmini_ros_node.cpp:73:17:[m[K [01;31m[Kerror: [m[Kâ€˜[01m[KRCLCPP_ERROR_STREAM[m[Kâ€™ was not declared in this scope
   73 |                 [01;31m[KRCLCPP_ERROR_STREAM[m[K("Unsupported baud rate!");
      |                 [01;31m[K^~~~~~~~~~~~~~~~~~~[m[K
[01m[K/home/taylor/Buddy_Bot/buddybot/ros2_workspace/src/tfmini_ros/src/TFmini_ros_node.cpp:86:13:[m[K [01;31m[Kerror: [m[Kâ€˜[01m[KRCLCPP_ERROR_STREAM[m[Kâ€™ was not declared in this scope
   86 |             [01;31m[KRCLCPP_ERROR_STREAM[m[K("Can't set serial port options!");
      |             [01;31m[K^~~~~~~~~~~~~~~~~~~[m[K
gmake[2]: *** [CMakeFiles/tfmini_ros_node.dir/build.make:76: CMakeFiles/tfmini_ros_node.dir/src/TFmini_ros_node.cpp.o] Error 1
gmake[1]: *** [CMakeFiles/Makefile2:137: CMakeFiles/tfmini_ros_node.dir/all] Error 2
gmake: *** [Makefile:146: all] Error 2
