[ 66%] [32mBuilding CXX object CMakeFiles/tfmini_ros_node.dir/src/TFmini.cpp.o[0m
[ 66%] [32mBuilding CXX object CMakeFiles/tfmini_ros_node.dir/src/TFmini_ros_node.cpp.o[0m
[01m[K/home/taylor/Buddy_Bot/buddybot/ros2_workspace/src/tfmini_ros/src/TFmini.cpp:35:56:[m[K [01;31m[Kerror: [m[Kmacro "RCLCPP_ERROR_STREAM" requires 2 arguments, but only 1 given
   35 |       RCLCPP_ERROR_STREAM("Failed to open serial port!"[01;31m[K)[m[K;
      |                                                        [01;31m[K^[m[K
In file included from [01m[K/home/taylor/ros2_iron/install/rclcpp/include/rclcpp/rclcpp/client.hpp:43[m[K,
                 from [01m[K/home/taylor/ros2_iron/install/rclcpp/include/rclcpp/rclcpp/callback_group.hpp:24[m[K,
                 from [01m[K/home/taylor/ros2_iron/install/rclcpp/include/rclcpp/rclcpp/any_executable.hpp:20[m[K,
                 from [01m[K/home/taylor/ros2_iron/install/rclcpp/include/rclcpp/rclcpp/memory_strategy.hpp:25[m[K,
                 from [01m[K/home/taylor/ros2_iron/install/rclcpp/include/rclcpp/rclcpp/memory_strategies.hpp:18[m[K,
                 from [01m[K/home/taylor/ros2_iron/install/rclcpp/include/rclcpp/rclcpp/executor_options.hpp:20[m[K,
                 from [01m[K/home/taylor/ros2_iron/install/rclcpp/include/rclcpp/rclcpp/executor.hpp:37[m[K,
                 from [01m[K/home/taylor/ros2_iron/install/rclcpp/include/rclcpp/rclcpp/executors/multi_threaded_executor.hpp:25[m[K,
                 from [01m[K/home/taylor/ros2_iron/install/rclcpp/include/rclcpp/rclcpp/executors.hpp:21[m[K,
                 from [01m[K/home/taylor/ros2_iron/install/rclcpp/include/rclcpp/rclcpp/rclcpp.hpp:167[m[K,
                 from [01m[K/home/taylor/Buddy_Bot/buddybot/ros2_workspace/src/tfmini_ros/src/TFmini.cpp:1[m[K:
[01m[K/home/taylor/ros2_iron/build/rclcpp/include/rclcpp/logging.hpp:1564:[m[K [01;36m[Knote: [m[Kmacro "RCLCPP_ERROR_STREAM" defined here
 1564 | #define RCLCPP_ERROR_STREAM(logger, stream_arg) \
      | 
[01m[K/home/taylor/Buddy_Bot/buddybot/ros2_workspace/src/tfmini_ros/src/TFmini.cpp:42:56:[m[K [01;31m[Kerror: [m[Kmacro "RCLCPP_ERROR_STREAM" requires 2 arguments, but only 1 given
   42 |       RCLCPP_ERROR_STREAM("Can't get serial port sets!"[01;31m[K)[m[K;
      |                                                        [01;31m[K^[m[K
[01m[K/home/taylor/ros2_iron/build/rclcpp/include/rclcpp/logging.hpp:1564:[m[K [01;36m[Knote: [m[Kmacro "RCLCPP_ERROR_STREAM" defined here
 1564 | #define RCLCPP_ERROR_STREAM(logger, stream_arg) \
      | 
[01m[K/home/taylor/Buddy_Bot/buddybot/ros2_workspace/src/tfmini_ros/src/TFmini.cpp:93:53:[m[K [01;31m[Kerror: [m[Kmacro "RCLCPP_ERROR_STREAM" requires 2 arguments, but only 1 given
   93 |         RCLCPP_ERROR_STREAM("Unsupported baud rate!"[01;31m[K)[m[K;
      |                                                     [01;31m[K^[m[K
[01m[K/home/taylor/ros2_iron/build/rclcpp/include/rclcpp/logging.hpp:1564:[m[K [01;36m[Knote: [m[Kmacro "RCLCPP_ERROR_STREAM" defined here
 1564 | #define RCLCPP_ERROR_STREAM(logger, stream_arg) \
      | 
[01m[K/home/taylor/Buddy_Bot/buddybot/ros2_workspace/src/tfmini_ros/src/TFmini.cpp:103:59:[m[K [01;31m[Kerror: [m[Kmacro "RCLCPP_ERROR_STREAM" requires 2 arguments, but only 1 given
  103 |       RCLCPP_ERROR_STREAM("Can't set serial port options!"[01;31m[K)[m[K;
      |                                                           [01;31m[K^[m[K
[01m[K/home/taylor/ros2_iron/build/rclcpp/include/rclcpp/logging.hpp:1564:[m[K [01;36m[Knote: [m[Kmacro "RCLCPP_ERROR_STREAM" defined here
 1564 | #define RCLCPP_ERROR_STREAM(logger, stream_arg) \
      | 
[01m[K/home/taylor/Buddy_Bot/buddybot/ros2_workspace/src/tfmini_ros/src/TFmini.cpp:[m[K In constructor â€˜[01m[Kbenewake::TFmini::TFmini(std::string, int)[m[Kâ€™:
[01m[K/home/taylor/Buddy_Bot/buddybot/ros2_workspace/src/tfmini_ros/src/TFmini.cpp:35:7:[m[K [01;31m[Kerror: [m[Kâ€˜[01m[KRCLCPP_ERROR_STREAM[m[Kâ€™ was not declared in this scope
   35 |       [01;31m[KRCLCPP_ERROR_STREAM[m[K("Failed to open serial port!");
      |       [01;31m[K^~~~~~~~~~~~~~~~~~~[m[K
[01m[K/home/taylor/Buddy_Bot/buddybot/ros2_workspace/src/tfmini_ros/src/TFmini.cpp:42:7:[m[K [01;31m[Kerror: [m[Kâ€˜[01m[KRCLCPP_ERROR_STREAM[m[Kâ€™ was not declared in this scope
   42 |       [01;31m[KRCLCPP_ERROR_STREAM[m[K("Can't get serial port sets!");
      |       [01;31m[K^~~~~~~~~~~~~~~~~~~[m[K
[01m[K/home/taylor/Buddy_Bot/buddybot/ros2_workspace/src/tfmini_ros/src/TFmini.cpp:93:9:[m[K [01;31m[Kerror: [m[Kâ€˜[01m[KRCLCPP_ERROR_STREAM[m[Kâ€™ was not declared in this scope
   93 |         [01;31m[KRCLCPP_ERROR_STREAM[m[K("Unsupported baud rate!");
      |         [01;31m[K^~~~~~~~~~~~~~~~~~~[m[K
[01m[K/home/taylor/Buddy_Bot/buddybot/ros2_workspace/src/tfmini_ros/src/TFmini_ros_node.cpp:[m[K In member function â€˜[01m[Kfloat TFmini::getDist()[m[Kâ€™:
[01m[K/home/taylor/Buddy_Bot/buddybot/ros2_workspace/src/tfmini_ros/src/TFmini_ros_node.cpp:31:1:[m[K [01;35m[Kwarning: [m[Kno return statement in function returning non-void [[01;35m[K]8;;https://gcc.gnu.org/onlinedocs/gcc/Warning-Options.html#index-Wreturn-type-Wreturn-type]8;;[m[K]
   31 | [01;35m[K}[m[K
      | [01;35m[K^[m[K
[01m[K/home/taylor/Buddy_Bot/buddybot/ros2_workspace/src/tfmini_ros/src/TFmini.cpp:103:7:[m[K [01;31m[Kerror: [m[Kâ€˜[01m[KRCLCPP_ERROR_STREAM[m[Kâ€™ was not declared in this scope
  103 |       [01;31m[KRCLCPP_ERROR_STREAM[m[K("Can't set serial port options!");
      |       [01;31m[K^~~~~~~~~~~~~~~~~~~[m[K
gmake[2]: *** [CMakeFiles/tfmini_ros_node.dir/build.make:90: CMakeFiles/tfmini_ros_node.dir/src/TFmini.cpp.o] Error 1
gmake[2]: *** Waiting for unfinished jobs....
gmake[1]: *** [CMakeFiles/Makefile2:137: CMakeFiles/tfmini_ros_node.dir/all] Error 2
gmake: *** [Makefile:146: all] Error 2
