[ 33%] [32mBuilding CXX object CMakeFiles/tfmini_ros_node.dir/src/TFmini_ros_node.cpp.o[0m
[ 66%] [32mBuilding CXX object CMakeFiles/tfmini_ros_node.dir/src/TFmini.cpp.o[0m
[01m[K/home/taylor/Buddy_Bot/buddybot/ros2_workspace/src/tfmini_ros/src/TFmini_ros_node.cpp:[m[K In member function â€˜[01m[Kfloat benewake::TFmini::getDist()[m[Kâ€™:
[01m[K/home/taylor/Buddy_Bot/buddybot/ros2_workspace/src/tfmini_ros/src/TFmini_ros_node.cpp:128:20:[m[K [01;31m[Kerror: [m[Kâ€˜[01m[KdataBuf[m[Kâ€™ was not declared in this scope
  128 |       if (readData([01;31m[KdataBuf[m[K, 2))
      |                    [01;31m[K^~~~~~~[m[K
[01m[K/home/taylor/Buddy_Bot/buddybot/ros2_workspace/src/tfmini_ros/src/TFmini_ros_node.cpp:139:18:[m[K [01;31m[Kerror: [m[Kâ€˜[01m[KdataBuf[m[Kâ€™ was not declared in this scope
  139 |     if (readData([01;31m[KdataBuf[m[K, 7))
      |                  [01;31m[K^~~~~~~[m[K
gmake[2]: *** [CMakeFiles/tfmini_ros_node.dir/build.make:76: CMakeFiles/tfmini_ros_node.dir/src/TFmini_ros_node.cpp.o] Error 1
gmake[2]: *** Waiting for unfinished jobs....
gmake[1]: *** [CMakeFiles/Makefile2:137: CMakeFiles/tfmini_ros_node.dir/all] Error 2
gmake: *** [Makefile:146: all] Error 2
