-- Found sensor_msgs: 5.0.0 (/home/taylor/ros2_iron/install/sensor_msgs/share/sensor_msgs/cmake)
-- Found rosidl_generator_c: 4.0.1 (/home/taylor/ros2_iron/install/rosidl_generator_c/share/rosidl_generator_c/cmake)
-- Found rosidl_generator_cpp: 4.0.1 (/home/taylor/ros2_iron/install/rosidl_generator_cpp/share/rosidl_generator_cpp/cmake)
-- Using all available rosidl_typesupport_c: rosidl_typesupport_introspection_c;rosidl_typesupport_fastrtps_c
-- Using all available rosidl_typesupport_cpp: rosidl_typesupport_introspection_cpp;rosidl_typesupport_fastrtps_cpp
-- Found rclcpp: 21.0.5 (/home/taylor/ros2_iron/install/rclcpp/share/rclcpp/cmake)
-- Found rmw_implementation_cmake: 7.1.0 (/home/taylor/ros2_iron/install/rmw_implementation_cmake/share/rmw_implementation_cmake/cmake)
-- Found rmw_fastrtps_cpp: 7.1.3 (/home/taylor/ros2_iron/install/rmw_fastrtps_cpp/share/rmw_fastrtps_cpp/cmake)
-- Using RMW implementation 'rmw_fastrtps_cpp' as default
-- Configuring done
-- Generating done
-- Build files have been written to: /home/taylor/Buddy_Bot/buddybot/ros2_workspace/build/tfmini_ros
[ 33%] [32mBuilding CXX object CMakeFiles/tfmini_ros_node.dir/src/TFmini_ros_node.cpp.o[0m
[ 66%] [32mBuilding CXX object CMakeFiles/tfmini_ros_node.dir/src/TFmini.cpp.o[0m
[01m[K/home/taylor/Buddy_Bot/buddybot/ros2_workspace/src/tfmini_ros/src/TFmini_ros_node.cpp:1:10:[m[K [01;31m[Kfatal error: [m[Krclcpp/rclcpp.hpp: No such file or directory
    1 | #include [01;31m[K"rclcpp/rclcpp.hpp"[m[K
      |          [01;31m[K^~~~~~~~~~~~~~~~~~~[m[K
compilation terminated.
gmake[2]: *** [CMakeFiles/tfmini_ros_node.dir/build.make:76: CMakeFiles/tfmini_ros_node.dir/src/TFmini_ros_node.cpp.o] Error 1
gmake[2]: *** Waiting for unfinished jobs....
[01m[K/home/taylor/Buddy_Bot/buddybot/ros2_workspace/src/tfmini_ros/src/TFmini.cpp:1:10:[m[K [01;31m[Kfatal error: [m[Krclcpp/rclcpp.hpp: No such file or directory
    1 | #include [01;31m[K<rclcpp/rclcpp.hpp>[m[K
      |          [01;31m[K^~~~~~~~~~~~~~~~~~~[m[K
compilation terminated.
gmake[2]: *** [CMakeFiles/tfmini_ros_node.dir/build.make:90: CMakeFiles/tfmini_ros_node.dir/src/TFmini.cpp.o] Error 1
gmake[1]: *** [CMakeFiles/Makefile2:137: CMakeFiles/tfmini_ros_node.dir/all] Error 2
gmake: *** [Makefile:146: all] Error 2
