-- Found ament_cmake: 2.0.4 (/home/taylor/ros2_iron/install/ament_cmake/share/ament_cmake/cmake)
-- Found rclcpp: 21.0.5 (/home/taylor/ros2_iron/install/rclcpp/share/rclcpp/cmake)
-- Found rosidl_generator_c: 4.0.1 (/home/taylor/ros2_iron/install/rosidl_generator_c/share/rosidl_generator_c/cmake)
-- Found rosidl_generator_cpp: 4.0.1 (/home/taylor/ros2_iron/install/rosidl_generator_cpp/share/rosidl_generator_cpp/cmake)
-- Using all available rosidl_typesupport_c: rosidl_typesupport_introspection_c;rosidl_typesupport_fastrtps_c
-- Using all available rosidl_typesupport_cpp: rosidl_typesupport_introspection_cpp;rosidl_typesupport_fastrtps_cpp
-- Found rmw_implementation_cmake: 7.1.0 (/home/taylor/ros2_iron/install/rmw_implementation_cmake/share/rmw_implementation_cmake/cmake)
-- Found rmw_fastrtps_cpp: 7.1.3 (/home/taylor/ros2_iron/install/rmw_fastrtps_cpp/share/rmw_fastrtps_cpp/cmake)
-- Using RMW implementation 'rmw_fastrtps_cpp' as default
-- Found std_msgs: 5.0.0 (/home/taylor/ros2_iron/install/std_msgs/share/std_msgs/cmake)
-- Found rosidl_default_generators: 1.5.0 (/home/taylor/ros2_iron/install/rosidl_default_generators/share/rosidl_default_generators/cmake)
-- Found rosidl_adapter: 4.0.1 (/home/taylor/ros2_iron/install/rosidl_adapter/share/rosidl_adapter/cmake)
-- Found ament_cmake_ros: 0.11.2 (/home/taylor/ros2_iron/install/ament_cmake_ros/share/ament_cmake_ros/cmake)
-- Using all available rosidl_typesupport_c: rosidl_typesupport_introspection_c;rosidl_typesupport_fastrtps_c
-- Using all available rosidl_typesupport_cpp: rosidl_typesupport_introspection_cpp;rosidl_typesupport_fastrtps_cpp
-- Found python_cmake_module: 0.10.2 (/home/taylor/ros2_iron/install/python_cmake_module/share/python_cmake_module/cmake)
-- Using PYTHON_EXECUTABLE: /usr/bin/python3
-- Using PYTHON_INCLUDE_DIRS: /usr/include/python3.11
-- Using PYTHON_LIBRARIES: /usr/lib/aarch64-linux-gnu/libpython3.11.so
[0mCMake Deprecation Warning at /home/taylor/ros2_iron/install/rosidl_cmake/share/rosidl_cmake/cmake/rosidl_target_interfaces.cmake:32 (message):
  Use rosidl_get_typesupport_target() and target_link_libraries() instead of
  rosidl_target_interfaces()
Call Stack (most recent call first):
  CMakeLists.txt:31 (rosidl_target_interfaces)

[0m
-- Found ament_lint_auto: 0.14.3 (/home/taylor/ros2_iron/install/ament_lint_auto/share/ament_lint_auto/cmake)
-- Added test 'copyright' to check source files copyright and LICENSE
-- Added test 'cppcheck' to perform static code analysis on C / C++ code
-- Configured cppcheck include dirs: 
-- Configured cppcheck exclude dirs and/or files: 
-- Added test 'cpplint' to check C / C++ code against the Google style
-- Configured cpplint exclude dirs and/or files: 
-- Added test 'lint_cmake' to check CMake code style
-- Added test 'uncrustify' to check C / C++ code style
-- Configured uncrustify additional arguments: 
-- Added test 'xmllint' to check XML markup files
-- Configuring done
-- Generating done
-- Build files have been written to: /home/taylor/Buddy_Bot/buddybot/ros2_workspace/build/move_bot
[  2%] Built target move_bot__rosidl_generator_type_description
[  2%] Built target ament_cmake_python_copy_move_bot
[  5%] Built target move_bot__cpp
[ 19%] Built target move_bot__rosidl_generator_c
[ 27%] Built target move_bot__rosidl_typesupport_cpp
[ 36%] Built target move_bot__rosidl_typesupport_fastrtps_c
[ 44%] Built target move_bot__rosidl_typesupport_fastrtps_cpp
[ 52%] Built target move_bot__rosidl_typesupport_introspection_c
[ 61%] Built target move_bot__rosidl_typesupport_c
[ 69%] Built target move_bot__rosidl_typesupport_introspection_cpp
[ 69%] Built target move_bot
[ 72%] Built target move_bot__py
[ 75%] [32mBuilding CXX object CMakeFiles/move_node.dir/src/move_bot.cpp.o[0m
[ 77%] [32mBuilding C object CMakeFiles/move_bot__rosidl_generator_py.dir/rosidl_generator_py/move_bot/msg/_movement_s.c.o[0m
[ 80%] [32m[1mLinking C shared library rosidl_generator_py/move_bot/libmove_bot__rosidl_generator_py.so[0m
[01m[K/home/taylor/Buddy_Bot/buddybot/ros2_workspace/src/move_bot/src/move_bot.cpp:4:14:[m[K [01;31m[Kfatal error: [m[Kspi.h: No such file or directory
    4 |     #include [01;31m[K"spi.h"[m[K  // Adjust the include path if necessary
      |              [01;31m[K^~~~~~~[m[K
compilation terminated.
gmake[2]: *** [CMakeFiles/move_node.dir/build.make:76: CMakeFiles/move_node.dir/src/move_bot.cpp.o] Error 1
gmake[1]: *** [CMakeFiles/Makefile2:626: CMakeFiles/move_node.dir/all] Error 2
gmake[1]: *** Waiting for unfinished jobs....
[ 80%] Built target move_bot__rosidl_generator_py
running egg_info
writing move_bot.egg-info/PKG-INFO
writing dependency_links to move_bot.egg-info/dependency_links.txt
writing top-level names to move_bot.egg-info/top_level.txt
reading manifest file 'move_bot.egg-info/SOURCES.txt'
writing manifest file 'move_bot.egg-info/SOURCES.txt'
[ 80%] Built target ament_cmake_python_build_move_bot_egg
gmake: *** [Makefile:146: all] Error 2
