[01m[K/home/taylor/Buddy_Bot/buddybot/ros2_workspace/src/move_bot/src/move_bot.cpp:28:46:[m[K [01;31m[Kerror: [m[Kinvalid use of incomplete type â€˜[01m[Kclass Move[m[Kâ€™
   28 |   void movement_command_callback(const Move::[01;31m[Kmsg[m[K::MovementCommand::SharedPtr msg)
      |                                              [01;31m[K^~~[m[K
[01m[K/home/taylor/Buddy_Bot/buddybot/ros2_workspace/src/move_bot/src/move_bot.cpp:6:7:[m[K [01;36m[Knote: [m[Kdefinition of â€˜[01m[Kclass Move[m[Kâ€™ is not complete until the closing brace
    6 | class [01;36m[KMove[m[K : public rclcpp::Node
      |       [01;36m[K^~~~[m[K
[01m[K/home/taylor/Buddy_Bot/buddybot/ros2_workspace/src/move_bot/src/move_bot.cpp:28:66:[m[K [01;31m[Kerror: [m[Kexpected unqualified-id before â€˜[01m[K::[m[Kâ€™ token
   28 |   void movement_command_callback(const Move::msg::MovementCommand[01;31m[K::[m[KSharedPtr msg)
      |                                                                  [01;31m[K^~[m[K
[01m[K/home/taylor/Buddy_Bot/buddybot/ros2_workspace/src/move_bot/src/move_bot.cpp:28:66:[m[K [01;31m[Kerror: [m[Kexpected â€˜[01m[K)[m[Kâ€™ before â€˜[01m[K::[m[Kâ€™ token
   28 |   void movement_command_callback[34m[K([m[Kconst Move::msg::MovementCommand[01;31m[K:[m[K[32m[K:[m[KSharedPtr msg)
      |                                 [34m[K~[m[K                                [01;31m[K^[m[K[32m[K~[m[K
      |                                                                  [32m[K)[m[K
[01m[K/home/taylor/Buddy_Bot/buddybot/ros2_workspace/src/move_bot/src/move_bot.cpp:28:51:[m[K [01;31m[Kerror: [m[Kexpected â€˜[01m[K;[m[Kâ€™ at end of member declaration
   28 |   void movement_command_callback(const Move::msg::[01;31m[KMovementCommand[m[K::SharedPtr msg)
      |                                                   [01;31m[K^~~~~~~~~~~~~~~[m[K
      |                                                                  [32m[K;[m[K
[01m[K/home/taylor/Buddy_Bot/buddybot/ros2_workspace/src/move_bot/src/move_bot.cpp:28:68:[m[K [01;31m[Kerror: [m[Kâ€˜[01m[KSharedPtr[m[Kâ€™ in namespace â€˜[01m[K::[m[Kâ€™ does not name a type
   28 |   void movement_command_callback(const Move::msg::MovementCommand::[01;31m[KSharedPtr[m[K msg)
      |                                                                    [01;31m[K^~~~~~~~~[m[K
[01m[K/home/taylor/Buddy_Bot/buddybot/ros2_workspace/src/move_bot/src/move_bot.cpp:55:30:[m[K [01;31m[Kerror: [m[Kincomplete type â€˜[01m[KMove[m[Kâ€™ used in nested name specifier
   55 |   rclcpp::Subscription<Move::[01;31m[Kmsg[m[K::MovementCommand>::SharedPtr subscription_;
      |                              [01;31m[K^~~[m[K
[01m[K/home/taylor/Buddy_Bot/buddybot/ros2_workspace/src/move_bot/src/move_bot.cpp:55:50:[m[K [01;31m[Kerror: [m[Ktemplate argument 1 is invalid
   55 |   rclcpp::Subscription<Move::msg::MovementCommand[01;31m[K>[m[K::SharedPtr subscription_;
      |                                                  [01;31m[K^[m[K
[01m[K/home/taylor/Buddy_Bot/buddybot/ros2_workspace/src/move_bot/src/move_bot.cpp:55:50:[m[K [01;31m[Kerror: [m[Ktemplate argument 3 is invalid
[01m[K/home/taylor/Buddy_Bot/buddybot/ros2_workspace/src/move_bot/src/move_bot.cpp:55:50:[m[K [01;31m[Kerror: [m[Ktemplate argument 4 is invalid
[01m[K/home/taylor/Buddy_Bot/buddybot/ros2_workspace/src/move_bot/src/move_bot.cpp:55:50:[m[K [01;31m[Kerror: [m[Ktemplate argument 5 is invalid
[01m[K/home/taylor/Buddy_Bot/buddybot/ros2_workspace/src/move_bot/src/move_bot.cpp:55:53:[m[K [01;31m[Kerror: [m[Kexpected â€˜[01m[K;[m[Kâ€™ at end of member declaration
   55 |   rclcpp::Subscription<Move::msg::MovementCommand>::[01;31m[KSharedPtr[m[K subscription_;
      |                                                     [01;31m[K^~~~~~~~~[m[K
      |                                                              [32m[K;[m[K
[01m[K/home/taylor/Buddy_Bot/buddybot/ros2_workspace/src/move_bot/src/move_bot.cpp:55:63:[m[K [01;31m[Kerror: [m[Kâ€˜[01m[Ksubscription_[m[Kâ€™ does not name a type; did you mean â€˜[01m[Krmw_subscription_t[m[Kâ€™?
   55 |   rclcpp::Subscription<Move::msg::MovementCommand>::SharedPtr [01;31m[Ksubscription_[m[K;
      |                                                               [01;31m[K^~~~~~~~~~~~~[m[K
      |                                                               [32m[Krmw_subscription_t[m[K
[01m[K/home/taylor/Buddy_Bot/buddybot/ros2_workspace/src/move_bot/src/move_bot.cpp:[m[K In constructor â€˜[01m[KMove::Move()[m[Kâ€™:
[01m[K/home/taylor/Buddy_Bot/buddybot/ros2_workspace/src/move_bot/src/move_bot.cpp:22:5:[m[K [01;31m[Kerror: [m[Kâ€˜[01m[Ksubscription_[m[Kâ€™ was not declared in this scope; did you mean â€˜[01m[Krmw_subscription_t[m[Kâ€™?
   22 |     [01;31m[Ksubscription_[m[K = this->create_subscription<Move::msg::MovementCommand>(
      |     [01;31m[K^~~~~~~~~~~~~[m[K
      |     [32m[Krmw_subscription_t[m[K
[01m[K/home/taylor/Buddy_Bot/buddybot/ros2_workspace/src/move_bot/src/move_bot.cpp:22:53:[m[K [01;31m[Kerror: [m[Kâ€˜[01m[Kmsg[m[Kâ€™ is not a member of â€˜[01m[KMove[m[Kâ€™
   22 |     subscription_ = this->create_subscription<Move::[01;31m[Kmsg[m[K::MovementCommand>(
      |                                                     [01;31m[K^~~[m[K
[01m[K/home/taylor/Buddy_Bot/buddybot/ros2_workspace/src/move_bot/src/move_bot.cpp:22:27:[m[K [01;31m[Kerror: [m[Kparse error in template argument list
   22 |     subscription_ = this->[01;31m[Kcreate_subscription<Move::msg::MovementCommand>[m[K(
      |                           [01;31m[K^~~~~~~~~~~~~~~~~~~~~~~~~~~~~~~~~~~~~~~~~~~~~~~[m[K
[01m[K/home/taylor/Buddy_Bot/buddybot/ros2_workspace/src/move_bot/src/move_bot.cpp:22:74:[m[K [01;31m[Kerror: [m[Kno matching function for call to â€˜[01m[KMove::create_subscription<<expression error> >(const char [18], int, std::_Bind_helper<false, void (Move::*)(...), Move*, const std::_Placeholder<1>&>::type)[m[Kâ€™
   22 |     subscription_ = [01;31m[Kthis->create_subscription<Move::msg::MovementCommand>([m[K
      |                     [01;31m[K~~~~~~~~~~~~~~~~~~~~~~~~~~~~~~~~~~~~~~~~~~~~~~~~~~~~~^[m[K
   23 | [01;31m[K        "movement_commands", 10,[m[K
      |         [01;31m[K~~~~~~~~~~~~~~~~~~~~~~~~[m[K                                          
   24 | [01;31m[K        std::bind(&Move::movement_command_callback, this, std::placeholders::_1))[m[K;
      |         [01;31m[K~~~~~~~~~~~~~~~~~~~~~~~~~~~~~~~~~~~~~~~~~~~~~~~~~~~~~~~~~~~~~~~~~~~~~~~~~[m[K
In file included from [01m[K/home/taylor/ros2_iron/install/rclcpp/include/rclcpp/rclcpp/executors/single_threaded_executor.hpp:28[m[K,
                 from [01m[K/home/taylor/ros2_iron/install/rclcpp/include/rclcpp/rclcpp/executors.hpp:22[m[K,
                 from [01m[K/home/taylor/ros2_iron/install/rclcpp/include/rclcpp/rclcpp/rclcpp.hpp:167[m[K,
                 from [01m[K/home/taylor/Buddy_Bot/buddybot/ros2_workspace/src/move_bot/src/move_bot.cpp:1[m[K:
[01m[K/home/taylor/ros2_iron/install/rclcpp/include/rclcpp/rclcpp/node.hpp:220:3:[m[K [01;36m[Knote: [m[Kcandidate: â€˜[01m[Ktemplate<class MessageT, class CallbackT, class AllocatorT, class SubscriptionT, class MessageMemoryStrategyT> std::shared_ptr<ROSMessageT> rclcpp::Node::create_subscription(const std::string&, const rclcpp::QoS&, CallbackT&&, const rclcpp::SubscriptionOptionsWithAllocator<AllocatorT>&, typename MessageMemoryStrategyT::SharedPtr)[m[Kâ€™
  220 |   [01;36m[Kcreate_subscription[m[K(
      |   [01;36m[K^~~~~~~~~~~~~~~~~~~[m[K
[01m[K/home/taylor/ros2_iron/install/rclcpp/include/rclcpp/rclcpp/node.hpp:220:3:[m[K [01;36m[Knote: [m[K  template argument deduction/substitution failed:
[01m[K/home/taylor/Buddy_Bot/buddybot/ros2_workspace/src/move_bot/src/move_bot.cpp:22:74:[m[K [01;31m[Kerror: [m[Ktemplate argument 1 is invalid
   22 |     subscription_ = [01;31m[Kthis->create_subscription<Move::msg::MovementCommand>([m[K
      |                     [01;31m[K~~~~~~~~~~~~~~~~~~~~~~~~~~~~~~~~~~~~~~~~~~~~~~~~~~~~~^[m[K
   23 | [01;31m[K        "movement_commands", 10,[m[K
      |         [01;31m[K~~~~~~~~~~~~~~~~~~~~~~~~[m[K                                          
   24 | [01;31m[K        std::bind(&Move::movement_command_callback, this, std::placeholders::_1))[m[K;
      |         [01;31m[K~~~~~~~~~~~~~~~~~~~~~~~~~~~~~~~~~~~~~~~~~~~~~~~~~~~~~~~~~~~~~~~~~~~~~~~~~[m[K
gmake[2]: *** [CMakeFiles/move_node.dir/build.make:76: CMakeFiles/move_node.dir/src/move_bot.cpp.o] Error 1
gmake[1]: *** [CMakeFiles/Makefile2:623: CMakeFiles/move_node.dir/all] Error 2
gmake[1]: *** Waiting for unfinished jobs....
gmake: *** [Makefile:146: all] Error 2
