[0.056s] Invoking command in '/home/taylor/Buddy_Bot/buddybot/ros2_workspace/src/build/tfmini_ros': CMAKE_PREFIX_PATH=${CMAKE_PREFIX_PATH}:/home/taylor/ros2_iron/install/rqt_bag_plugins:/home/taylor/ros2_iron/install/rqt_bag:/home/taylor/ros2_iron/install/rosbag2_examples_py:/home/taylor/ros2_iron/install/launch_testing_examples:/home/taylor/ros2_iron/install/ros2bag:/home/taylor/ros2_iron/install/tracetools_test:/home/taylor/ros2_iron/install/tracetools_launch:/home/taylor/ros2_iron/install/topic_monitor:/home/taylor/ros2_iron/install/tf2_tools:/home/taylor/ros2_iron/install/examples_tf2_py:/home/taylor/ros2_iron/install/tf2_ros_py:/home/taylor/ros2_iron/install/examples_rclpy_pointcloud_publisher:/home/taylor/ros2_iron/install/sensor_msgs_py:/home/taylor/ros2_iron/install/quality_of_service_demo_py:/home/taylor/ros2_iron/install/rqt_plot:/home/taylor/ros2_iron/install/ros2doctor:/home/taylor/ros2_iron/install/lifecycle_py:/home/taylor/ros2_iron/install/examples_rclpy_minimal_subscriber:/home/taylor/ros2_iron/install/examples_rclpy_minimal_service:/home/taylor/ros2_iron/install/examples_rclpy_minimal_publisher:/home/taylor/ros2_iron/install/examples_rclpy_minimal_client:/home/taylor/ros2_iron/install/examples_rclpy_executors:/home/taylor/ros2_iron/install/demo_nodes_py:/home/taylor/ros2_iron/install/rqt:/home/taylor/ros2_iron/install/ros2component:/home/taylor/ros2_iron/install/sros2:/home/taylor/ros2_iron/install/rqt_topic:/home/taylor/ros2_iron/install/rqt_srv:/home/taylor/ros2_iron/install/rqt_shell:/home/taylor/ros2_iron/install/rqt_service_caller:/home/taylor/ros2_iron/install/rqt_reconfigure:/home/taylor/ros2_iron/install/rqt_py_console:/home/taylor/ros2_iron/install/rqt_publisher:/home/taylor/ros2_iron/install/rqt_action:/home/taylor/ros2_iron/install/rqt_msg:/home/taylor/ros2_iron/install/rqt_console:/home/taylor/ros2_iron/install/rqt_graph:/home/taylor/ros2_iron/install/rqt_gui_py:/home/taylor/ros2_iron/install/rqt_gui:/home/taylor/ros2_iron/install/ros2trace:/home/taylor/ros2_iron/install/ros2topic:/home/taylor/ros2_iron/install/ros2test:/home/taylor/ros2_iron/install/ros2param:/home/taylor/ros2_iron/install/ros2lifecycle:/home/taylor/ros2_iron/install/ros2service:/home/taylor/ros2_iron/install/ros2run:/home/taylor/ros2_iron/install/ros2launch:/home/taylor/ros2_iron/install/ros2pkg:/home/taylor/ros2_iron/install/ros2node:/home/taylor/ros2_iron/install/ros2multicast:/home/taylor/ros2_iron/install/ros2interface:/home/taylor/ros2_iron/install/ros2action:/home/taylor/ros2_iron/install/ros2cli:/home/taylor/ros2_iron/install/launch_testing_ros:/home/taylor/ros2_iron/install/launch_ros:/home/taylor/ros2_iron/install/examples_rclpy_minimal_action_server:/home/taylor/ros2_iron/install/examples_rclpy_minimal_action_client:/home/taylor/ros2_iron/install/examples_rclpy_guard_conditions:/home/taylor/ros2_iron/install/action_tutorials_py:/home/taylor/ros2_iron/install/ament_uncrustify:/home/taylor/ros2_iron/install/tracetools_trace:/home/taylor/ros2_iron/install/tracetools_read:/home/taylor/ros2_iron/install/test_tracetools_launch:/home/taylor/ros2_iron/install/test_ros2trace:/home/taylor/ros2_iron/install/test_launch_ros:/home/taylor/ros2_iron/install/rpyutils:/home/taylor/ros2_iron/install/rosidl_runtime_py:/home/taylor/ros2_iron/install/rosidl_pycommon:/home/taylor/ros2_iron/install/rosidl_cli:/home/taylor/ros2_iron/install/launch_pytest:/home/taylor/ros2_iron/install/launch_testing:/home/taylor/ros2_iron/install/launch_yaml:/home/taylor/ros2_iron/install/launch_xml:/home/taylor/ros2_iron/install/launch:/home/taylor/ros2_iron/install/osrf_pycommon:/home/taylor/ros2_iron/install/domain_coordinator:/home/taylor/ros2_iron/install/ament_xmllint:/home/taylor/ros2_iron/install/ament_pyflakes:/home/taylor/ros2_iron/install/ament_pycodestyle:/home/taylor/ros2_iron/install/ament_pep257:/home/taylor/ros2_iron/install/ament_pclint:/home/taylor/ros2_iron/install/ament_package:/home/taylor/ros2_iron/install/ament_mypy:/home/taylor/ros2_iron/install/ament_lint_cmake:/home/taylor/ros2_iron/install/ament_flake8:/home/taylor/ros2_iron/install/ament_copyright:/home/taylor/ros2_iron/install/ament_lint:/home/taylor/ros2_iron/install/ament_index_python:/home/taylor/ros2_iron/install/ament_cpplint:/home/taylor/ros2_iron/install/ament_cppcheck:/home/taylor/ros2_iron/install/ament_clang_tidy:/home/taylor/ros2_iron/install/ament_clang_format /usr/bin/cmake --build /home/taylor/Buddy_Bot/buddybot/ros2_workspace/src/build/tfmini_ros -- -j4 -l4
[0.126s] -- Found sensor_msgs: 5.0.0 (/home/taylor/ros2_iron/install/sensor_msgs/share/sensor_msgs/cmake)
[0.662s] -- Found rosidl_generator_c: 4.0.1 (/home/taylor/ros2_iron/install/rosidl_generator_c/share/rosidl_generator_c/cmake)
[0.677s] -- Found rosidl_generator_cpp: 4.0.1 (/home/taylor/ros2_iron/install/rosidl_generator_cpp/share/rosidl_generator_cpp/cmake)
[0.754s] -- Using all available rosidl_typesupport_c: rosidl_typesupport_introspection_c;rosidl_typesupport_fastrtps_c
[0.826s] -- Using all available rosidl_typesupport_cpp: rosidl_typesupport_introspection_cpp;rosidl_typesupport_fastrtps_cpp
[1.191s] -- Found rclcpp: 21.0.5 (/home/taylor/ros2_iron/install/rclcpp/share/rclcpp/cmake)
[1.345s] -- Found rmw_implementation_cmake: 7.1.0 (/home/taylor/ros2_iron/install/rmw_implementation_cmake/share/rmw_implementation_cmake/cmake)
[1.388s] -- Found rmw_fastrtps_cpp: 7.1.3 (/home/taylor/ros2_iron/install/rmw_fastrtps_cpp/share/rmw_fastrtps_cpp/cmake)
[1.615s] -- Using RMW implementation 'rmw_fastrtps_cpp' as default
[2.212s] -- Configuring done
[2.244s] -- Generating done
[2.257s] -- Build files have been written to: /home/taylor/Buddy_Bot/buddybot/ros2_workspace/src/build/tfmini_ros
[2.374s] [ 66%] [32mBuilding CXX object CMakeFiles/tfmini_ros_node.dir/src/TFmini.cpp.o[0m
[2.374s] [ 66%] [32mBuilding CXX object CMakeFiles/tfmini_ros_node.dir/src/TFmini_ros_node.cpp.o[0m
[2.730s] [01m[K/home/taylor/Buddy_Bot/buddybot/ros2_workspace/src/tfmini_ros/src/TFmini.cpp:35:56:[m[K [01;31m[Kerror: [m[Kmacro "RCLCPP_ERROR_STREAM" requires 2 arguments, but only 1 given
[2.730s]    35 |       RCLCPP_ERROR_STREAM("Failed to open serial port!"[01;31m[K)[m[K;
[2.731s]       |                                                        [01;31m[K^[m[K
[2.731s] In file included from [01m[K/home/taylor/ros2_iron/install/rclcpp/include/rclcpp/rclcpp/client.hpp:43[m[K,
[2.731s]                  from [01m[K/home/taylor/ros2_iron/install/rclcpp/include/rclcpp/rclcpp/callback_group.hpp:24[m[K,
[2.731s]                  from [01m[K/home/taylor/ros2_iron/install/rclcpp/include/rclcpp/rclcpp/any_executable.hpp:20[m[K,
[2.731s]                  from [01m[K/home/taylor/ros2_iron/install/rclcpp/include/rclcpp/rclcpp/memory_strategy.hpp:25[m[K,
[2.731s]                  from [01m[K/home/taylor/ros2_iron/install/rclcpp/include/rclcpp/rclcpp/memory_strategies.hpp:18[m[K,
[2.731s]                  from [01m[K/home/taylor/ros2_iron/install/rclcpp/include/rclcpp/rclcpp/executor_options.hpp:20[m[K,
[2.731s]                  from [01m[K/home/taylor/ros2_iron/install/rclcpp/include/rclcpp/rclcpp/executor.hpp:37[m[K,
[2.731s]                  from [01m[K/home/taylor/ros2_iron/install/rclcpp/include/rclcpp/rclcpp/executors/multi_threaded_executor.hpp:25[m[K,
[2.731s]                  from [01m[K/home/taylor/ros2_iron/install/rclcpp/include/rclcpp/rclcpp/executors.hpp:21[m[K,
[2.731s]                  from [01m[K/home/taylor/ros2_iron/install/rclcpp/include/rclcpp/rclcpp/rclcpp.hpp:167[m[K,
[2.731s]                  from [01m[K/home/taylor/Buddy_Bot/buddybot/ros2_workspace/src/tfmini_ros/src/TFmini.cpp:1[m[K:
[2.731s] [01m[K/home/taylor/ros2_iron/build/rclcpp/include/rclcpp/logging.hpp:1564:[m[K [01;36m[Knote: [m[Kmacro "RCLCPP_ERROR_STREAM" defined here
[2.731s]  1564 | #define RCLCPP_ERROR_STREAM(logger, stream_arg) \
[2.731s]       | 
[2.731s] [01m[K/home/taylor/Buddy_Bot/buddybot/ros2_workspace/src/tfmini_ros/src/TFmini.cpp:42:56:[m[K [01;31m[Kerror: [m[Kmacro "RCLCPP_ERROR_STREAM" requires 2 arguments, but only 1 given
[2.731s]    42 |       RCLCPP_ERROR_STREAM("Can't get serial port sets!"[01;31m[K)[m[K;
[2.731s]       |                                                        [01;31m[K^[m[K
[2.731s] [01m[K/home/taylor/ros2_iron/build/rclcpp/include/rclcpp/logging.hpp:1564:[m[K [01;36m[Knote: [m[Kmacro "RCLCPP_ERROR_STREAM" defined here
[2.731s]  1564 | #define RCLCPP_ERROR_STREAM(logger, stream_arg) \
[2.731s]       | 
[2.732s] [01m[K/home/taylor/Buddy_Bot/buddybot/ros2_workspace/src/tfmini_ros/src/TFmini.cpp:93:53:[m[K [01;31m[Kerror: [m[Kmacro "RCLCPP_ERROR_STREAM" requires 2 arguments, but only 1 given
[2.732s]    93 |         RCLCPP_ERROR_STREAM("Unsupported baud rate!"[01;31m[K)[m[K;
[2.732s]       |                                                     [01;31m[K^[m[K
[2.732s] [01m[K/home/taylor/ros2_iron/build/rclcpp/include/rclcpp/logging.hpp:1564:[m[K [01;36m[Knote: [m[Kmacro "RCLCPP_ERROR_STREAM" defined here
[2.732s]  1564 | #define RCLCPP_ERROR_STREAM(logger, stream_arg) \
[2.732s]       | 
[2.732s] [01m[K/home/taylor/Buddy_Bot/buddybot/ros2_workspace/src/tfmini_ros/src/TFmini.cpp:103:59:[m[K [01;31m[Kerror: [m[Kmacro "RCLCPP_ERROR_STREAM" requires 2 arguments, but only 1 given
[2.732s]   103 |       RCLCPP_ERROR_STREAM("Can't set serial port options!"[01;31m[K)[m[K;
[2.732s]       |                                                           [01;31m[K^[m[K
[2.732s] [01m[K/home/taylor/ros2_iron/build/rclcpp/include/rclcpp/logging.hpp:1564:[m[K [01;36m[Knote: [m[Kmacro "RCLCPP_ERROR_STREAM" defined here
[2.732s]  1564 | #define RCLCPP_ERROR_STREAM(logger, stream_arg) \
[2.732s]       | 
[5.993s] [01m[K/home/taylor/Buddy_Bot/buddybot/ros2_workspace/src/tfmini_ros/src/TFmini.cpp:[m[K In constructor â€˜[01m[Kbenewake::TFmini::TFmini(std::string, int)[m[Kâ€™:
[5.994s] [01m[K/home/taylor/Buddy_Bot/buddybot/ros2_workspace/src/tfmini_ros/src/TFmini.cpp:35:7:[m[K [01;31m[Kerror: [m[Kâ€˜[01m[KRCLCPP_ERROR_STREAM[m[Kâ€™ was not declared in this scope
[5.994s]    35 |       [01;31m[KRCLCPP_ERROR_STREAM[m[K("Failed to open serial port!");
[5.994s]       |       [01;31m[K^~~~~~~~~~~~~~~~~~~[m[K
[6.009s] [01m[K/home/taylor/Buddy_Bot/buddybot/ros2_workspace/src/tfmini_ros/src/TFmini.cpp:42:7:[m[K [01;31m[Kerror: [m[Kâ€˜[01m[KRCLCPP_ERROR_STREAM[m[Kâ€™ was not declared in this scope
[6.009s]    42 |       [01;31m[KRCLCPP_ERROR_STREAM[m[K("Can't get serial port sets!");
[6.009s]       |       [01;31m[K^~~~~~~~~~~~~~~~~~~[m[K
[6.025s] [01m[K/home/taylor/Buddy_Bot/buddybot/ros2_workspace/src/tfmini_ros/src/TFmini.cpp:93:9:[m[K [01;31m[Kerror: [m[Kâ€˜[01m[KRCLCPP_ERROR_STREAM[m[Kâ€™ was not declared in this scope
[6.025s]    93 |         [01;31m[KRCLCPP_ERROR_STREAM[m[K("Unsupported baud rate!");
[6.025s]       |         [01;31m[K^~~~~~~~~~~~~~~~~~~[m[K
[6.041s] [01m[K/home/taylor/Buddy_Bot/buddybot/ros2_workspace/src/tfmini_ros/src/TFmini.cpp:103:7:[m[K [01;31m[Kerror: [m[Kâ€˜[01m[KRCLCPP_ERROR_STREAM[m[Kâ€™ was not declared in this scope
[6.041s]   103 |       [01;31m[KRCLCPP_ERROR_STREAM[m[K("Can't set serial port options!");
[6.041s]       |       [01;31m[K^~~~~~~~~~~~~~~~~~~[m[K
[6.074s] [01m[K/home/taylor/Buddy_Bot/buddybot/ros2_workspace/src/tfmini_ros/src/TFmini_ros_node.cpp:[m[K In member function â€˜[01m[Kfloat TFmini::getDist()[m[Kâ€™:
[6.074s] [01m[K/home/taylor/Buddy_Bot/buddybot/ros2_workspace/src/tfmini_ros/src/TFmini_ros_node.cpp:31:1:[m[K [01;35m[Kwarning: [m[Kno return statement in function returning non-void [[01;35m[K]8;;https://gcc.gnu.org/onlinedocs/gcc/Warning-Options.html#index-Wreturn-type-Wreturn-type]8;;[m[K]
[6.075s]    31 | [01;35m[K}[m[K
[6.075s]       | [01;35m[K^[m[K
[6.823s] gmake[2]: *** [CMakeFiles/tfmini_ros_node.dir/build.make:90: CMakeFiles/tfmini_ros_node.dir/src/TFmini.cpp.o] Error 1
[6.823s] gmake[2]: *** Waiting for unfinished jobs....
[8.283s] gmake[1]: *** [CMakeFiles/Makefile2:137: CMakeFiles/tfmini_ros_node.dir/all] Error 2
[8.283s] gmake: *** [Makefile:146: all] Error 2
[8.286s] Invoked command in '/home/taylor/Buddy_Bot/buddybot/ros2_workspace/src/build/tfmini_ros' returned '2': CMAKE_PREFIX_PATH=${CMAKE_PREFIX_PATH}:/home/taylor/ros2_iron/install/rqt_bag_plugins:/home/taylor/ros2_iron/install/rqt_bag:/home/taylor/ros2_iron/install/rosbag2_examples_py:/home/taylor/ros2_iron/install/launch_testing_examples:/home/taylor/ros2_iron/install/ros2bag:/home/taylor/ros2_iron/install/tracetools_test:/home/taylor/ros2_iron/install/tracetools_launch:/home/taylor/ros2_iron/install/topic_monitor:/home/taylor/ros2_iron/install/tf2_tools:/home/taylor/ros2_iron/install/examples_tf2_py:/home/taylor/ros2_iron/install/tf2_ros_py:/home/taylor/ros2_iron/install/examples_rclpy_pointcloud_publisher:/home/taylor/ros2_iron/install/sensor_msgs_py:/home/taylor/ros2_iron/install/quality_of_service_demo_py:/home/taylor/ros2_iron/install/rqt_plot:/home/taylor/ros2_iron/install/ros2doctor:/home/taylor/ros2_iron/install/lifecycle_py:/home/taylor/ros2_iron/install/examples_rclpy_minimal_subscriber:/home/taylor/ros2_iron/install/examples_rclpy_minimal_service:/home/taylor/ros2_iron/install/examples_rclpy_minimal_publisher:/home/taylor/ros2_iron/install/examples_rclpy_minimal_client:/home/taylor/ros2_iron/install/examples_rclpy_executors:/home/taylor/ros2_iron/install/demo_nodes_py:/home/taylor/ros2_iron/install/rqt:/home/taylor/ros2_iron/install/ros2component:/home/taylor/ros2_iron/install/sros2:/home/taylor/ros2_iron/install/rqt_topic:/home/taylor/ros2_iron/install/rqt_srv:/home/taylor/ros2_iron/install/rqt_shell:/home/taylor/ros2_iron/install/rqt_service_caller:/home/taylor/ros2_iron/install/rqt_reconfigure:/home/taylor/ros2_iron/install/rqt_py_console:/home/taylor/ros2_iron/install/rqt_publisher:/home/taylor/ros2_iron/install/rqt_action:/home/taylor/ros2_iron/install/rqt_msg:/home/taylor/ros2_iron/install/rqt_console:/home/taylor/ros2_iron/install/rqt_graph:/home/taylor/ros2_iron/install/rqt_gui_py:/home/taylor/ros2_iron/install/rqt_gui:/home/taylor/ros2_iron/install/ros2trace:/home/taylor/ros2_iron/install/ros2topic:/home/taylor/ros2_iron/install/ros2test:/home/taylor/ros2_iron/install/ros2param:/home/taylor/ros2_iron/install/ros2lifecycle:/home/taylor/ros2_iron/install/ros2service:/home/taylor/ros2_iron/install/ros2run:/home/taylor/ros2_iron/install/ros2launch:/home/taylor/ros2_iron/install/ros2pkg:/home/taylor/ros2_iron/install/ros2node:/home/taylor/ros2_iron/install/ros2multicast:/home/taylor/ros2_iron/install/ros2interface:/home/taylor/ros2_iron/install/ros2action:/home/taylor/ros2_iron/install/ros2cli:/home/taylor/ros2_iron/install/launch_testing_ros:/home/taylor/ros2_iron/install/launch_ros:/home/taylor/ros2_iron/install/examples_rclpy_minimal_action_server:/home/taylor/ros2_iron/install/examples_rclpy_minimal_action_client:/home/taylor/ros2_iron/install/examples_rclpy_guard_conditions:/home/taylor/ros2_iron/install/action_tutorials_py:/home/taylor/ros2_iron/install/ament_uncrustify:/home/taylor/ros2_iron/install/tracetools_trace:/home/taylor/ros2_iron/install/tracetools_read:/home/taylor/ros2_iron/install/test_tracetools_launch:/home/taylor/ros2_iron/install/test_ros2trace:/home/taylor/ros2_iron/install/test_launch_ros:/home/taylor/ros2_iron/install/rpyutils:/home/taylor/ros2_iron/install/rosidl_runtime_py:/home/taylor/ros2_iron/install/rosidl_pycommon:/home/taylor/ros2_iron/install/rosidl_cli:/home/taylor/ros2_iron/install/launch_pytest:/home/taylor/ros2_iron/install/launch_testing:/home/taylor/ros2_iron/install/launch_yaml:/home/taylor/ros2_iron/install/launch_xml:/home/taylor/ros2_iron/install/launch:/home/taylor/ros2_iron/install/osrf_pycommon:/home/taylor/ros2_iron/install/domain_coordinator:/home/taylor/ros2_iron/install/ament_xmllint:/home/taylor/ros2_iron/install/ament_pyflakes:/home/taylor/ros2_iron/install/ament_pycodestyle:/home/taylor/ros2_iron/install/ament_pep257:/home/taylor/ros2_iron/install/ament_pclint:/home/taylor/ros2_iron/install/ament_package:/home/taylor/ros2_iron/install/ament_mypy:/home/taylor/ros2_iron/install/ament_lint_cmake:/home/taylor/ros2_iron/install/ament_flake8:/home/taylor/ros2_iron/install/ament_copyright:/home/taylor/ros2_iron/install/ament_lint:/home/taylor/ros2_iron/install/ament_index_python:/home/taylor/ros2_iron/install/ament_cpplint:/home/taylor/ros2_iron/install/ament_cppcheck:/home/taylor/ros2_iron/install/ament_clang_tidy:/home/taylor/ros2_iron/install/ament_clang_format /usr/bin/cmake --build /home/taylor/Buddy_Bot/buddybot/ros2_workspace/src/build/tfmini_ros -- -j4 -l4
