[1.071s] Invoking command in '/home/taylor/Buddy_Bot/buddybot/ros2_workspace/build/move_bot': CMAKE_PREFIX_PATH=${CMAKE_PREFIX_PATH}:/home/taylor/Buddy_Bot/buddybot/ros2_workspace/install/tfmini_s:/home/taylor/ros2_iron/install/rqt_bag_plugins:/home/taylor/ros2_iron/install/rqt_bag:/home/taylor/ros2_iron/install/rosbag2_examples_py:/home/taylor/ros2_iron/install/launch_testing_examples:/home/taylor/ros2_iron/install/ros2bag:/home/taylor/ros2_iron/install/tracetools_test:/home/taylor/ros2_iron/install/tracetools_launch:/home/taylor/ros2_iron/install/topic_monitor:/home/taylor/ros2_iron/install/tf2_tools:/home/taylor/ros2_iron/install/examples_tf2_py:/home/taylor/ros2_iron/install/tf2_ros_py:/home/taylor/ros2_iron/install/examples_rclpy_pointcloud_publisher:/home/taylor/ros2_iron/install/sensor_msgs_py:/home/taylor/ros2_iron/install/quality_of_service_demo_py:/home/taylor/ros2_iron/install/rqt_plot:/home/taylor/ros2_iron/install/ros2doctor:/home/taylor/ros2_iron/install/lifecycle_py:/home/taylor/ros2_iron/install/examples_rclpy_minimal_subscriber:/home/taylor/ros2_iron/install/examples_rclpy_minimal_service:/home/taylor/ros2_iron/install/examples_rclpy_minimal_publisher:/home/taylor/ros2_iron/install/examples_rclpy_minimal_client:/home/taylor/ros2_iron/install/examples_rclpy_executors:/home/taylor/ros2_iron/install/demo_nodes_py:/home/taylor/ros2_iron/install/rqt:/home/taylor/ros2_iron/install/ros2component:/home/taylor/ros2_iron/install/sros2:/home/taylor/ros2_iron/install/rqt_topic:/home/taylor/ros2_iron/install/rqt_srv:/home/taylor/ros2_iron/install/rqt_shell:/home/taylor/ros2_iron/install/rqt_service_caller:/home/taylor/ros2_iron/install/rqt_reconfigure:/home/taylor/ros2_iron/install/rqt_py_console:/home/taylor/ros2_iron/install/rqt_publisher:/home/taylor/ros2_iron/install/rqt_action:/home/taylor/ros2_iron/install/rqt_msg:/home/taylor/ros2_iron/install/rqt_console:/home/taylor/ros2_iron/install/rqt_graph:/home/taylor/ros2_iron/install/rqt_gui_py:/home/taylor/ros2_iron/install/rqt_gui:/home/taylor/ros2_iron/install/ros2trace:/home/taylor/ros2_iron/install/ros2topic:/home/taylor/ros2_iron/install/ros2test:/home/taylor/ros2_iron/install/ros2param:/home/taylor/ros2_iron/install/ros2lifecycle:/home/taylor/ros2_iron/install/ros2service:/home/taylor/ros2_iron/install/ros2run:/home/taylor/ros2_iron/install/ros2launch:/home/taylor/ros2_iron/install/ros2pkg:/home/taylor/ros2_iron/install/ros2node:/home/taylor/ros2_iron/install/ros2multicast:/home/taylor/ros2_iron/install/ros2interface:/home/taylor/ros2_iron/install/ros2action:/home/taylor/ros2_iron/install/ros2cli:/home/taylor/ros2_iron/install/launch_testing_ros:/home/taylor/ros2_iron/install/launch_ros:/home/taylor/ros2_iron/install/examples_rclpy_minimal_action_server:/home/taylor/ros2_iron/install/examples_rclpy_minimal_action_client:/home/taylor/ros2_iron/install/examples_rclpy_guard_conditions:/home/taylor/ros2_iron/install/action_tutorials_py:/home/taylor/ros2_iron/install/ament_uncrustify:/home/taylor/ros2_iron/install/tracetools_trace:/home/taylor/ros2_iron/install/tracetools_read:/home/taylor/ros2_iron/install/test_tracetools_launch:/home/taylor/ros2_iron/install/test_ros2trace:/home/taylor/ros2_iron/install/test_launch_ros:/home/taylor/ros2_iron/install/rpyutils:/home/taylor/ros2_iron/install/rosidl_runtime_py:/home/taylor/ros2_iron/install/rosidl_pycommon:/home/taylor/ros2_iron/install/rosidl_cli:/home/taylor/ros2_iron/install/launch_pytest:/home/taylor/ros2_iron/install/launch_testing:/home/taylor/ros2_iron/install/launch_yaml:/home/taylor/ros2_iron/install/launch_xml:/home/taylor/ros2_iron/install/launch:/home/taylor/ros2_iron/install/osrf_pycommon:/home/taylor/ros2_iron/install/domain_coordinator:/home/taylor/ros2_iron/install/ament_xmllint:/home/taylor/ros2_iron/install/ament_pyflakes:/home/taylor/ros2_iron/install/ament_pycodestyle:/home/taylor/ros2_iron/install/ament_pep257:/home/taylor/ros2_iron/install/ament_pclint:/home/taylor/ros2_iron/install/ament_package:/home/taylor/ros2_iron/install/ament_mypy:/home/taylor/ros2_iron/install/ament_lint_cmake:/home/taylor/ros2_iron/install/ament_flake8:/home/taylor/ros2_iron/install/ament_copyright:/home/taylor/ros2_iron/install/ament_lint:/home/taylor/ros2_iron/install/ament_index_python:/home/taylor/ros2_iron/install/ament_cpplint:/home/taylor/ros2_iron/install/ament_cppcheck:/home/taylor/ros2_iron/install/ament_clang_tidy:/home/taylor/ros2_iron/install/ament_clang_format PS1=(yolov8_venv) \[\e]0;\u@\h: \w\a\]${debian_chroot:+($debian_chroot)}\[\033[01;32m\]\u@\h\[\033[00m\]:\[\033[01;34m\]\w \$\[\033[00m\] VIRTUAL_ENV_PROMPT=(yolov8_venv) /usr/bin/cmake /home/taylor/Buddy_Bot/buddybot/ros2_workspace/src/move_bot -DAMENT_CMAKE_SYMLINK_INSTALL=1 -DCMAKE_INSTALL_PREFIX=/home/taylor/Buddy_Bot/buddybot/ros2_workspace/install/move_bot
[1.301s] -- The C compiler identification is GNU 12.2.0
[1.452s] -- The CXX compiler identification is GNU 12.2.0
[1.482s] -- Detecting C compiler ABI info
[1.726s] -- Detecting C compiler ABI info - done
[1.765s] -- Check for working C compiler: /usr/bin/cc - skipped
[1.765s] -- Detecting C compile features
[1.765s] -- Detecting C compile features - done
[1.769s] -- Detecting CXX compiler ABI info
[2.080s] -- Detecting CXX compiler ABI info - done
[2.120s] -- Check for working CXX compiler: /usr/bin/c++ - skipped
[2.123s] -- Detecting CXX compile features
[2.123s] -- Detecting CXX compile features - done
[2.162s] -- Found ament_cmake: 2.0.4 (/home/taylor/ros2_iron/install/ament_cmake/share/ament_cmake/cmake)
[4.255s] -- Found Python3: /home/taylor/Buddy_Bot/buddybot/ros2_workspace/yolov8_venv/bin/python3 (found version "3.11.2") found components: Interpreter 
[4.608s] -- Override CMake install command with custom implementation using symlinks instead of copying resources
[4.908s] -- Found rclcpp: 21.0.5 (/home/taylor/ros2_iron/install/rclcpp/share/rclcpp/cmake)
[5.138s] -- Found rosidl_generator_c: 4.0.1 (/home/taylor/ros2_iron/install/rosidl_generator_c/share/rosidl_generator_c/cmake)
[5.201s] -- Found rosidl_generator_cpp: 4.0.1 (/home/taylor/ros2_iron/install/rosidl_generator_cpp/share/rosidl_generator_cpp/cmake)
[5.314s] -- Using all available rosidl_typesupport_c: rosidl_typesupport_introspection_c;rosidl_typesupport_fastrtps_c
[5.434s] -- Using all available rosidl_typesupport_cpp: rosidl_typesupport_introspection_cpp;rosidl_typesupport_fastrtps_cpp
[5.891s] -- Found rmw_implementation_cmake: 7.1.0 (/home/taylor/ros2_iron/install/rmw_implementation_cmake/share/rmw_implementation_cmake/cmake)
[5.950s] -- Found rmw_fastrtps_cpp: 7.1.3 (/home/taylor/ros2_iron/install/rmw_fastrtps_cpp/share/rmw_fastrtps_cpp/cmake)
[6.431s] -- Found OpenSSL: /usr/lib/aarch64-linux-gnu/libcrypto.so (found version "3.0.11")  
[6.517s] -- Found FastRTPS: /home/taylor/ros2_iron/install/fastrtps/include  
[6.660s] -- Using RMW implementation 'rmw_fastrtps_cpp' as default
[7.207s] -- Found std_msgs: 5.0.0 (/home/taylor/ros2_iron/install/std_msgs/share/std_msgs/cmake)
[7.292s] -- Found rosidl_default_generators: 1.5.0 (/home/taylor/ros2_iron/install/rosidl_default_generators/share/rosidl_default_generators/cmake)
[7.534s] -- Found rosidl_adapter: 4.0.1 (/home/taylor/ros2_iron/install/rosidl_adapter/share/rosidl_adapter/cmake)
[7.875s] -- Configuring incomplete, errors occurred!
[7.875s] See also "/home/taylor/Buddy_Bot/buddybot/ros2_workspace/build/move_bot/CMakeFiles/CMakeOutput.log".
[7.875s] [31mCMake Error at /home/taylor/ros2_iron/install/rosidl_adapter/share/rosidl_adapter/cmake/rosidl_adapt_interfaces.cmake:57 (message):
[7.875s]   
[7.875s]   execute_process(/home/taylor/Buddy_Bot/buddybot/ros2_workspace/yolov8_venv/bin/python3
[7.875s]   -m rosidl_adapter --package-name move_bot --arguments-file
[7.875s]   /home/taylor/Buddy_Bot/buddybot/ros2_workspace/build/move_bot/rosidl_adapter__arguments__move_bot.json
[7.875s]   --output-dir
[7.876s]   /home/taylor/Buddy_Bot/buddybot/ros2_workspace/build/move_bot/rosidl_adapter/move_bot
[7.876s]   --output-file
[7.876s]   /home/taylor/Buddy_Bot/buddybot/ros2_workspace/build/move_bot/rosidl_adapter/move_bot.idls)
[7.876s]   returned error code 1:
[7.876s] 
[7.876s]   AttributeError processing template 'msg.idl.em'
[7.876s] 
[7.876s]   Traceback (most recent call last):
[7.876s] 
[7.876s]     File "/home/taylor/ros2_iron/install/rosidl_adapter/lib/python3.11/site-packages/rosidl_adapter/resource/__init__.py", line 51, in evaluate_template
[7.876s]       em.BUFFERED_OPT: True,
[7.876s]       ^^^^^^^^^^^^^^^
[7.876s] 
[7.876s]   AttributeError: module 'em' has no attribute 'BUFFERED_OPT'
[7.876s] 
[7.877s]   
[7.877s] 
[7.877s]   During handling of the above exception, another exception occurred:
[7.877s] 
[7.877s]   
[7.877s] 
[7.877s]   Traceback (most recent call last):
[7.877s] 
[7.877s]     File "<frozen runpy>", line 198, in _run_module_as_main
[7.877s]     File "<frozen runpy>", line 88, in _run_code
[7.877s]     File "/home/taylor/ros2_iron/install/rosidl_adapter/lib/python3.11/site-packages/rosidl_adapter/__main__.py", line 19, in <module>
[7.877s]       sys.exit(main())
[7.877s]                ^^^^^^
[7.877s]     File "/home/taylor/ros2_iron/install/rosidl_adapter/lib/python3.11/site-packages/rosidl_adapter/main.py", line 53, in main
[7.877s]       abs_idl_file = convert_to_idl(
[7.877s]                      ^^^^^^^^^^^^^^^
[7.877s]     File "/home/taylor/ros2_iron/install/rosidl_adapter/lib/python3.11/site-packages/rosidl_adapter/__init__.py", line 19, in convert_to_idl
[7.878s]       return convert_msg_to_idl(
[7.878s]              ^^^^^^^^^^^^^^^^^^^
[7.878s]     File "/home/taylor/ros2_iron/install/rosidl_adapter/lib/python3.11/site-packages/rosidl_adapter/msg/__init__.py", line 39, in convert_msg_to_idl
[7.878s]       expand_template('msg.idl.em', data, output_file, encoding='iso-8859-1')
[7.878s]     File "/home/taylor/ros2_iron/install/rosidl_adapter/lib/python3.11/site-packages/rosidl_adapter/resource/__init__.py", line 23, in expand_template
[7.878s]       content = evaluate_template(template_name, data)
[7.878s]                 ^^^^^^^^^^^^^^^^^^^^^^^^^^^^^^^^^^^^^^
[7.878s]     File "/home/taylor/ros2_iron/install/rosidl_adapter/lib/python3.11/site-packages/rosidl_adapter/resource/__init__.py", line 69, in evaluate_template
[7.878s]       _interpreter.shutdown()
[7.878s]       ^^^^^^^^^^^^^^^^^^^^^
[7.878s] 
[7.878s]   AttributeError: 'NoneType' object has no attribute 'shutdown'
[7.878s] 
[7.878s] Call Stack (most recent call first):
[7.878s]   /home/taylor/ros2_iron/install/rosidl_cmake/share/rosidl_cmake/cmake/rosidl_generate_interfaces.cmake:132 (rosidl_adapt_interfaces)
[7.878s]   CMakeLists.txt:20 (rosidl_generate_interfaces)
[7.878s] 
[7.878s] [0m
